[32m[I 2022-10-23 18:26:42,011][0m A new study created in memory with name: study1[0m
args = {
    "processes": 10, 
    "env": "HalfCheetah-v2", 
    "seed": 0, 
    "outdir": "results", 
    "t_max": 5, 
    "beta": 3e-07, 
    "profile": False, 
    "steps": 8000, 
    "max_frames": (108000, ), 
    "lr": 3.0000000000000004e-05, 
    "eval_interval": 250000, 
    "eval_n_steps": 125000, 
    "demo": False, 
    "load_pretrained": False, 
    "pretrained_type": "best", 
    "load": "", 
    "log_level": 20, 
    "render": False, 
    "monitor": False, 
    "permaban_threshold": 100, 
    "malicious": 3, 
    "mal_type": "sign", 
    "rew_scale": 1.0, 
    "hidden_size": 64, 
    "activation": 1, 
}

{"total_number_of_episodes":20, "number_of_timesteps":20000, "per_episode_reward":-634.98, "episode_reward_trend_value": 0.0, "biggest_recent_change": nan },
{"total_number_of_episodes":30, "number_of_timesteps":30000, "per_episode_reward":-620.12, "episode_reward_trend_value": 1.4859810759555558, "biggest_recent_change": nan },
{"total_number_of_episodes":40, "number_of_timesteps":40000, "per_episode_reward":-571.40, "episode_reward_trend_value": 3.1790863958127487, "biggest_recent_change": nan },
{"total_number_of_episodes":50, "number_of_timesteps":50000, "per_episode_reward":-573.00, "episode_reward_trend_value": 2.066000243714302, "biggest_recent_change": nan },
{"total_number_of_episodes":60, "number_of_timesteps":60000, "per_episode_reward":-566.43, "episode_reward_trend_value": 1.713763890414168, "biggest_recent_change": nan },
{"total_number_of_episodes":70, "number_of_timesteps":70000, "per_episode_reward":-562.64, "episode_reward_trend_value": 1.4468754289117283, "biggest_recent_change": nan },
{"total_number_of_episodes":80, "number_of_timesteps":80000, "per_episode_reward":-507.06, "episode_reward_trend_value": 2.13191769752205, "biggest_recent_change": nan },
{"total_number_of_episodes":90, "number_of_timesteps":90000, "per_episode_reward":-503.75, "episode_reward_trend_value": 1.8747245919250468, "biggest_recent_change": nan },
{"total_number_of_episodes":100, "number_of_timesteps":100000, "per_episode_reward":-504.47, "episode_reward_trend_value": 1.6313129737191487, "biggest_recent_change": nan },
{"total_number_of_episodes":110, "number_of_timesteps":110000, "per_episode_reward":-506.75, "episode_reward_trend_value": 1.4247358367079117, "biggest_recent_change": 55.57129040573659 },
{"total_number_of_episodes":120, "number_of_timesteps":120000, "per_episode_reward":-441.92, "episode_reward_trend_value": 1.9799936263595934, "biggest_recent_change": 64.8330118282069 },
{"total_number_of_episodes":130, "number_of_timesteps":130000, "per_episode_reward":-442.33, "episode_reward_trend_value": 1.434050336977839, "biggest_recent_change": 64.8330118282069 },
{"total_number_of_episodes":140, "number_of_timesteps":140000, "per_episode_reward":-440.95, "episode_reward_trend_value": 1.4672289639786003, "biggest_recent_change": 64.8330118282069 },
{"total_number_of_episodes":150, "number_of_timesteps":150000, "per_episode_reward":-442.56, "episode_reward_trend_value": 1.3763157918625641, "biggest_recent_change": 64.8330118282069 },
{"total_number_of_episodes":160, "number_of_timesteps":160000, "per_episode_reward":-444.66, "episode_reward_trend_value": 1.3107920472469679, "biggest_recent_change": 64.8330118282069 },
{"total_number_of_episodes":170, "number_of_timesteps":170000, "per_episode_reward":-445.53, "episode_reward_trend_value": 0.6837388123350745, "biggest_recent_change": 64.8330118282069 },
{"total_number_of_episodes":180, "number_of_timesteps":180000, "per_episode_reward":-447.95, "episode_reward_trend_value": 0.61997795327084, "biggest_recent_change": 64.8330118282069 },
{"total_number_of_episodes":190, "number_of_timesteps":190000, "per_episode_reward":-448.85, "episode_reward_trend_value": 0.6180468292881901, "biggest_recent_change": 64.8330118282069 },
{"total_number_of_episodes":200, "number_of_timesteps":200000, "per_episode_reward":-450.47, "episode_reward_trend_value": 0.6253244974728236, "biggest_recent_change": 64.8330118282069 },
{"total_number_of_episodes":210, "number_of_timesteps":210000, "per_episode_reward":-451.34, "episode_reward_trend_value": -0.10469704834095903, "biggest_recent_change": 2.422817732350836 },
{"total_number_of_episodes":220, "number_of_timesteps":220000, "per_episode_reward":-451.06, "episode_reward_trend_value": -0.09696686271342843, "biggest_recent_change": 2.422817732350836 },
{"total_number_of_episodes":230, "number_of_timesteps":230000, "per_episode_reward":-449.86, "episode_reward_trend_value": -0.09904588540703621, "biggest_recent_change": 2.422817732350836 },
{"total_number_of_episodes":240, "number_of_timesteps":240000, "per_episode_reward":-449.28, "episode_reward_trend_value": -0.07467992359696482, "biggest_recent_change": 2.422817732350836 },
{"total_number_of_episodes":250, "number_of_timesteps":250000, "per_episode_reward":-449.95, "episode_reward_trend_value": -0.058765783836068716, "biggest_recent_change": 2.422817732350836 },
{"total_number_of_episodes":260, "number_of_timesteps":260000, "per_episode_reward":-450.33, "episode_reward_trend_value": -0.05337815463811858, "biggest_recent_change": 2.422817732350836 },
{"total_number_of_episodes":270, "number_of_timesteps":270000, "per_episode_reward":-451.40, "episode_reward_trend_value": -0.03832898919092208, "biggest_recent_change": 1.6238224572028344 },
{"total_number_of_episodes":280, "number_of_timesteps":280000, "per_episode_reward":-449.11, "episode_reward_trend_value": -0.0028411987209709523, "biggest_recent_change": 2.2944164466357506 },
{"total_number_of_episodes":290, "number_of_timesteps":290000, "per_episode_reward":-449.93, "episode_reward_trend_value": 0.006075771253522867, "biggest_recent_change": 2.2944164466357506 },
{"total_number_of_episodes":300, "number_of_timesteps":300000, "per_episode_reward":-448.98, "episode_reward_trend_value": 0.026216446725977803, "biggest_recent_change": 2.2944164466357506 },
{"total_number_of_episodes":310, "number_of_timesteps":310000, "per_episode_reward":-450.75, "episode_reward_trend_value": 0.0034236311595287187, "biggest_recent_change": 2.2944164466357506 },
{"total_number_of_episodes":320, "number_of_timesteps":320000, "per_episode_reward":-450.16, "episode_reward_trend_value": -0.0033242694936133272, "biggest_recent_change": 2.2944164466357506 },
{"total_number_of_episodes":330, "number_of_timesteps":330000, "per_episode_reward":-449.21, "episode_reward_trend_value": 0.0007971601239874972, "biggest_recent_change": 2.2944164466357506 },
{"total_number_of_episodes":340, "number_of_timesteps":340000, "per_episode_reward":-447.69, "episode_reward_trend_value": 0.025203283526879106, "biggest_recent_change": 2.2944164466357506 },
{"total_number_of_episodes":350, "number_of_timesteps":350000, "per_episode_reward":-446.07, "episode_reward_trend_value": 0.04736450305811167, "biggest_recent_change": 2.2944164466357506 },
{"total_number_of_episodes":360, "number_of_timesteps":360000, "per_episode_reward":-444.99, "episode_reward_trend_value": 0.07124534695534016, "biggest_recent_change": 2.2944164466357506 },
{"total_number_of_episodes":370, "number_of_timesteps":370000, "per_episode_reward":-445.13, "episode_reward_trend_value": 0.04419093418026326, "biggest_recent_change": 1.7686155821611464 },
{"total_number_of_episodes":380, "number_of_timesteps":380000, "per_episode_reward":-445.20, "episode_reward_trend_value": 0.05247948241408582, "biggest_recent_change": 1.7686155821611464 },
{"total_number_of_episodes":390, "number_of_timesteps":390000, "per_episode_reward":-445.63, "episode_reward_trend_value": 0.03725466400667301, "biggest_recent_change": 1.7686155821611464 },
{"total_number_of_episodes":400, "number_of_timesteps":400000, "per_episode_reward":-445.47, "episode_reward_trend_value": 0.05869998311075177, "biggest_recent_change": 1.6158956492926109 },
{"total_number_of_episodes":410, "number_of_timesteps":410000, "per_episode_reward":-445.82, "episode_reward_trend_value": 0.048274555229438146, "biggest_recent_change": 1.6158956492926109 },
{"total_number_of_episodes":420, "number_of_timesteps":420000, "per_episode_reward":-444.81, "episode_reward_trend_value": 0.04884782314813378, "biggest_recent_change": 1.6158956492926109 },
{"total_number_of_episodes":430, "number_of_timesteps":430000, "per_episode_reward":-443.09, "episode_reward_trend_value": 0.051101563987430154, "biggest_recent_change": 1.7277391738936103 },
{"total_number_of_episodes":440, "number_of_timesteps":440000, "per_episode_reward":-441.45, "episode_reward_trend_value": 0.05134986830793449, "biggest_recent_change": 1.7277391738936103 },
{"total_number_of_episodes":450, "number_of_timesteps":450000, "per_episode_reward":-441.30, "episode_reward_trend_value": 0.04095447990935415, "biggest_recent_change": 1.7277391738936103 },
{"total_number_of_episodes":460, "number_of_timesteps":460000, "per_episode_reward":-439.46, "episode_reward_trend_value": 0.06303002533842599, "biggest_recent_change": 1.8463183854952945 },
{"total_number_of_episodes":470, "number_of_timesteps":470000, "per_episode_reward":-438.02, "episode_reward_trend_value": 0.07983405268847592, "biggest_recent_change": 1.8463183854952945 },
{"total_number_of_episodes":480, "number_of_timesteps":480000, "per_episode_reward":-438.07, "episode_reward_trend_value": 0.08402075593580713, "biggest_recent_change": 1.8463183854952945 },
{"total_number_of_episodes":490, "number_of_timesteps":490000, "per_episode_reward":-438.11, "episode_reward_trend_value": 0.08173021327448597, "biggest_recent_change": 1.8463183854952945 },
{"total_number_of_episodes":500, "number_of_timesteps":500000, "per_episode_reward":-437.52, "episode_reward_trend_value": 0.09221006208676133, "biggest_recent_change": 1.8463183854952945 },
{"total_number_of_episodes":510, "number_of_timesteps":510000, "per_episode_reward":-436.92, "episode_reward_trend_value": 0.08766571155291873, "biggest_recent_change": 1.8463183854952945 },
{"total_number_of_episodes":520, "number_of_timesteps":520000, "per_episode_reward":-436.74, "episode_reward_trend_value": 0.07051127904686799, "biggest_recent_change": 1.8463183854952945 },
{"total_number_of_episodes":530, "number_of_timesteps":530000, "per_episode_reward":-436.28, "episode_reward_trend_value": 0.05738543311900154, "biggest_recent_change": 1.8463183854952945 },
{"total_number_of_episodes":540, "number_of_timesteps":540000, "per_episode_reward":-435.45, "episode_reward_trend_value": 0.06498711190278388, "biggest_recent_change": 1.8463183854952945 },
{"total_number_of_episodes":550, "number_of_timesteps":550000, "per_episode_reward":-434.58, "episode_reward_trend_value": 0.05423038423060942, "biggest_recent_change": 1.437036643050135 },
{"total_number_of_episodes":560, "number_of_timesteps":560000, "per_episode_reward":-433.38, "episode_reward_trend_value": 0.051585180977017184, "biggest_recent_change": 1.198968350226835 },
{"total_number_of_episodes":570, "number_of_timesteps":570000, "per_episode_reward":-432.72, "episode_reward_trend_value": 0.059440264093153575, "biggest_recent_change": 1.198968350226835 },
{"total_number_of_episodes":580, "number_of_timesteps":580000, "per_episode_reward":-431.54, "episode_reward_trend_value": 0.07306459287170937, "biggest_recent_change": 1.198968350226835 },
{"total_number_of_episodes":590, "number_of_timesteps":590000, "per_episode_reward":-431.08, "episode_reward_trend_value": 0.07150382863543238, "biggest_recent_change": 1.198968350226835 },
{"total_number_of_episodes":600, "number_of_timesteps":600000, "per_episode_reward":-430.42, "episode_reward_trend_value": 0.0723057766792086, "biggest_recent_change": 1.198968350226835 },
{"total_number_of_episodes":610, "number_of_timesteps":610000, "per_episode_reward":-429.84, "episode_reward_trend_value": 0.0767128431406819, "biggest_recent_change": 1.198968350226835 },
{"total_number_of_episodes":620, "number_of_timesteps":620000, "per_episode_reward":-429.54, "episode_reward_trend_value": 0.07488810469452574, "biggest_recent_change": 1.198968350226835 },
{"total_number_of_episodes":630, "number_of_timesteps":630000, "per_episode_reward":-429.50, "episode_reward_trend_value": 0.06617337544329745, "biggest_recent_change": 1.198968350226835 },
{"total_number_of_episodes":640, "number_of_timesteps":640000, "per_episode_reward":-429.22, "episode_reward_trend_value": 0.05953653643880128, "biggest_recent_change": 1.198968350226835 },
{"total_number_of_episodes":650, "number_of_timesteps":650000, "per_episode_reward":-429.02, "episode_reward_trend_value": 0.048372552302838455, "biggest_recent_change": 1.18150388775706 },
{"total_number_of_episodes":660, "number_of_timesteps":660000, "per_episode_reward":-428.20, "episode_reward_trend_value": 0.05019190866366583, "biggest_recent_change": 1.18150388775706 },
{"total_number_of_episodes":670, "number_of_timesteps":670000, "per_episode_reward":-428.36, "episode_reward_trend_value": 0.03527952298273552, "biggest_recent_change": 0.8210026860068069 },
{"total_number_of_episodes":680, "number_of_timesteps":680000, "per_episode_reward":-428.06, "episode_reward_trend_value": 0.033641248551452285, "biggest_recent_change": 0.8210026860068069 },
{"total_number_of_episodes":690, "number_of_timesteps":690000, "per_episode_reward":-427.13, "episode_reward_trend_value": 0.03651258317200232, "biggest_recent_change": 0.9254260476110403 },
{"total_number_of_episodes":700, "number_of_timesteps":700000, "per_episode_reward":-426.30, "episode_reward_trend_value": 0.03929424253452933, "biggest_recent_change": 0.9254260476110403 },
{"total_number_of_episodes":710, "number_of_timesteps":710000, "per_episode_reward":-425.82, "episode_reward_trend_value": 0.041386746330917074, "biggest_recent_change": 0.9254260476110403 },
{"total_number_of_episodes":720, "number_of_timesteps":720000, "per_episode_reward":-425.01, "episode_reward_trend_value": 0.0499014065477853, "biggest_recent_change": 0.9254260476110403 },
{"total_number_of_episodes":730, "number_of_timesteps":730000, "per_episode_reward":-423.69, "episode_reward_trend_value": 0.061373627468017534, "biggest_recent_change": 1.3133972674158372 },
{"total_number_of_episodes":740, "number_of_timesteps":740000, "per_episode_reward":-423.82, "episode_reward_trend_value": 0.057845191712941516, "biggest_recent_change": 1.3133972674158372 },
{"total_number_of_episodes":750, "number_of_timesteps":750000, "per_episode_reward":-423.35, "episode_reward_trend_value": 0.053932689624902094, "biggest_recent_change": 1.3133972674158372 },
{"total_number_of_episodes":760, "number_of_timesteps":760000, "per_episode_reward":-422.82, "episode_reward_trend_value": 0.061608575769729314, "biggest_recent_change": 1.3133972674158372 },
{"total_number_of_episodes":770, "number_of_timesteps":770000, "per_episode_reward":-422.71, "episode_reward_trend_value": 0.05943634136473608, "biggest_recent_change": 1.3133972674158372 },
{"total_number_of_episodes":780, "number_of_timesteps":780000, "per_episode_reward":-422.67, "episode_reward_trend_value": 0.049508362427551196, "biggest_recent_change": 1.3133972674158372 },
{"total_number_of_episodes":790, "number_of_timesteps":790000, "per_episode_reward":-422.28, "episode_reward_trend_value": 0.04466681228407323, "biggest_recent_change": 1.3133972674158372 },
{"total_number_of_episodes":800, "number_of_timesteps":800000, "per_episode_reward":-422.28, "episode_reward_trend_value": 0.03929215403217654, "biggest_recent_change": 1.3133972674158372 },
{"total_number_of_episodes":810, "number_of_timesteps":810000, "per_episode_reward":-421.94, "episode_reward_trend_value": 0.03403553948803114, "biggest_recent_change": 1.3133972674158372 },
{"total_number_of_episodes":820, "number_of_timesteps":820000, "per_episode_reward":-421.05, "episode_reward_trend_value": 0.029394758202545924, "biggest_recent_change": 0.8957269517221675 },
{"total_number_of_episodes":830, "number_of_timesteps":830000, "per_episode_reward":-421.14, "episode_reward_trend_value": 0.02969584117309157, "biggest_recent_change": 0.8957269517221675 },
{"total_number_of_episodes":840, "number_of_timesteps":840000, "per_episode_reward":-421.11, "episode_reward_trend_value": 0.024870071986223742, "biggest_recent_change": 0.8957269517221675 },
{"total_number_of_episodes":850, "number_of_timesteps":850000, "per_episode_reward":-420.83, "episode_reward_trend_value": 0.022116831213199677, "biggest_recent_change": 0.8957269517221675 },
{"total_number_of_episodes":860, "number_of_timesteps":860000, "per_episode_reward":-420.07, "episode_reward_trend_value": 0.029281641560251932, "biggest_recent_change": 0.8957269517221675 },
{"total_number_of_episodes":870, "number_of_timesteps":870000, "per_episode_reward":-420.08, "episode_reward_trend_value": 0.028822799007367117, "biggest_recent_change": 0.8957269517221675 },
{"total_number_of_episodes":880, "number_of_timesteps":880000, "per_episode_reward":-419.93, "episode_reward_trend_value": 0.026118843524589392, "biggest_recent_change": 0.8957269517221675 },
{"total_number_of_episodes":890, "number_of_timesteps":890000, "per_episode_reward":-419.82, "episode_reward_trend_value": 0.02730825512979764, "biggest_recent_change": 0.8957269517221675 },
{"total_number_of_episodes":900, "number_of_timesteps":900000, "per_episode_reward":-419.73, "episode_reward_trend_value": 0.024583060475305906, "biggest_recent_change": 0.8957269517221675 },
{"total_number_of_episodes":910, "number_of_timesteps":910000, "per_episode_reward":-419.01, "episode_reward_trend_value": 0.02264699427499295, "biggest_recent_change": 0.7562489625265698 },
{"total_number_of_episodes":920, "number_of_timesteps":920000, "per_episode_reward":-418.61, "episode_reward_trend_value": 0.02816705739121264, "biggest_recent_change": 0.7562489625265698 },
{"total_number_of_episodes":930, "number_of_timesteps":930000, "per_episode_reward":-418.03, "episode_reward_trend_value": 0.034205116949484846, "biggest_recent_change": 0.7562489625265698 },
{"total_number_of_episodes":940, "number_of_timesteps":940000, "per_episode_reward":-417.59, "episode_reward_trend_value": 0.03597467768419922, "biggest_recent_change": 0.7562489625265698 },
{"total_number_of_episodes":950, "number_of_timesteps":950000, "per_episode_reward":-417.15, "episode_reward_trend_value": 0.03247955283456842, "biggest_recent_change": 0.7214809936940014 },
{"total_number_of_episodes":960, "number_of_timesteps":960000, "per_episode_reward":-417.19, "episode_reward_trend_value": 0.03211193051606579, "biggest_recent_change": 0.7214809936940014 },
{"total_number_of_episodes":970, "number_of_timesteps":970000, "per_episode_reward":-416.92, "episode_reward_trend_value": 0.03344375480575397, "biggest_recent_change": 0.7214809936940014 },
{"total_number_of_episodes":980, "number_of_timesteps":980000, "per_episode_reward":-416.38, "episode_reward_trend_value": 0.03831284968125474, "biggest_recent_change": 0.7214809936940014 },
{"total_number_of_episodes":990, "number_of_timesteps":990000, "per_episode_reward":-415.99, "episode_reward_trend_value": 0.041603849172638416, "biggest_recent_change": 0.7214809936940014 },
{"total_number_of_episodes":1000, "number_of_timesteps":1000000, "per_episode_reward":-415.71, "episode_reward_trend_value": 0.03665777387759274, "biggest_recent_change": 0.5779836315096532 },
{"total_number_of_episodes":1010, "number_of_timesteps":1010000, "per_episode_reward":-415.35, "episode_reward_trend_value": 0.03626596084164678, "biggest_recent_change": 0.5779836315096532 },
{"total_number_of_episodes":1020, "number_of_timesteps":1020000, "per_episode_reward":-415.01, "episode_reward_trend_value": 0.03358625647904887, "biggest_recent_change": 0.5425621267439737 },
{"total_number_of_episodes":1030, "number_of_timesteps":1030000, "per_episode_reward":-415.15, "episode_reward_trend_value": 0.02711161402026316, "biggest_recent_change": 0.5425621267439737 },
{"total_number_of_episodes":1040, "number_of_timesteps":1040000, "per_episode_reward":-414.49, "episode_reward_trend_value": 0.029483686917152203, "biggest_recent_change": 0.6551742867798112 },
{"total_number_of_episodes":1050, "number_of_timesteps":1050000, "per_episode_reward":-413.84, "episode_reward_trend_value": 0.03723533338315279, "biggest_recent_change": 0.6551742867798112 },
{"total_number_of_episodes":1060, "number_of_timesteps":1060000, "per_episode_reward":-413.64, "episode_reward_trend_value": 0.03640408728327758, "biggest_recent_change": 0.6551742867798112 },
{"total_number_of_episodes":1070, "number_of_timesteps":1070000, "per_episode_reward":-413.35, "episode_reward_trend_value": 0.033668990334311706, "biggest_recent_change": 0.6551742867798112 },
{"total_number_of_episodes":1080, "number_of_timesteps":1080000, "per_episode_reward":-413.37, "episode_reward_trend_value": 0.029080271427532507, "biggest_recent_change": 0.6551742867798112 },
{"total_number_of_episodes":1090, "number_of_timesteps":1090000, "per_episode_reward":-413.53, "episode_reward_trend_value": 0.02419359969927718, "biggest_recent_change": 0.6551742867798112 },
{"total_number_of_episodes":1100, "number_of_timesteps":1100000, "per_episode_reward":-412.86, "episode_reward_trend_value": 0.027665374173200363, "biggest_recent_change": 0.6777502372601703 },
{"total_number_of_episodes":1110, "number_of_timesteps":1110000, "per_episode_reward":-412.18, "episode_reward_trend_value": 0.03145359637747005, "biggest_recent_change": 0.6777502372601703 },
{"total_number_of_episodes":1120, "number_of_timesteps":1120000, "per_episode_reward":-411.82, "episode_reward_trend_value": 0.03701973389459883, "biggest_recent_change": 0.6777502372601703 },
{"total_number_of_episodes":1130, "number_of_timesteps":1130000, "per_episode_reward":-411.46, "episode_reward_trend_value": 0.03371308006805407, "biggest_recent_change": 0.6777502372601703 },
{"total_number_of_episodes":1140, "number_of_timesteps":1140000, "per_episode_reward":-410.88, "episode_reward_trend_value": 0.0329247730888969, "biggest_recent_change": 0.6777502372601703 },
{"total_number_of_episodes":1150, "number_of_timesteps":1150000, "per_episode_reward":-410.99, "episode_reward_trend_value": 0.02952897923694877, "biggest_recent_change": 0.6777502372601703 },
{"total_number_of_episodes":1160, "number_of_timesteps":1160000, "per_episode_reward":-409.94, "episode_reward_trend_value": 0.03787639710276254, "biggest_recent_change": 1.0476710092602843 },
{"total_number_of_episodes":1170, "number_of_timesteps":1170000, "per_episode_reward":-408.89, "episode_reward_trend_value": 0.049780681039429606, "biggest_recent_change": 1.0476710092602843 },
{"total_number_of_episodes":1180, "number_of_timesteps":1180000, "per_episode_reward":-408.61, "episode_reward_trend_value": 0.054655538272862715, "biggest_recent_change": 1.0476710092602843 },
{"total_number_of_episodes":1190, "number_of_timesteps":1190000, "per_episode_reward":-408.61, "episode_reward_trend_value": 0.047145738150085964, "biggest_recent_change": 1.0476710092602843 },
{"total_number_of_episodes":1200, "number_of_timesteps":1200000, "per_episode_reward":-408.23, "episode_reward_trend_value": 0.043900767280097674, "biggest_recent_change": 1.0476710092602843 },
{"total_number_of_episodes":1210, "number_of_timesteps":1210000, "per_episode_reward":-407.91, "episode_reward_trend_value": 0.043404162122312885, "biggest_recent_change": 1.0476710092602843 },
{"total_number_of_episodes":1220, "number_of_timesteps":1220000, "per_episode_reward":-407.95, "episode_reward_trend_value": 0.039044908634864824, "biggest_recent_change": 1.0476710092602843 },
{"total_number_of_episodes":1230, "number_of_timesteps":1230000, "per_episode_reward":-407.51, "episode_reward_trend_value": 0.037425251396030666, "biggest_recent_change": 1.0476710092602843 },
{"total_number_of_episodes":1240, "number_of_timesteps":1240000, "per_episode_reward":-406.43, "episode_reward_trend_value": 0.0506416970653283, "biggest_recent_change": 1.0806407667906797 },
{"total_number_of_episodes":1250, "number_of_timesteps":1250000, "per_episode_reward":-405.23, "episode_reward_trend_value": 0.05227493613693292, "biggest_recent_change": 1.1946625257047003 },
{"total_number_of_episodes":1260, "number_of_timesteps":1260000, "per_episode_reward":-405.65, "episode_reward_trend_value": 0.03602168401830441, "biggest_recent_change": 1.1946625257047003 },
{"total_number_of_episodes":1270, "number_of_timesteps":1270000, "per_episode_reward":-404.60, "episode_reward_trend_value": 0.044637826604171475, "biggest_recent_change": 1.1946625257047003 },
{"total_number_of_episodes":1280, "number_of_timesteps":1280000, "per_episode_reward":-404.44, "episode_reward_trend_value": 0.0463693661856357, "biggest_recent_change": 1.1946625257047003 },
