
[32m[I 2022-09-16 09:44:10,474][0m A new study created in memory with name: no-name-f5a9257d-f1de-4c10-b733-b8c76e0aceeb[0m
[32m[I 2022-09-16 09:48:49,997][0m Trial 0 finished with value: -991.72 and parameters: {'lr_b': 1, 'lr_e': -2, 'beta_b': 2, 'beta_e': -4, 'tmax': 2, 'activ': 2, 'hid': 1}. Best is trial 0 with value: -991.72.[0m
[32m[I 2022-09-16 09:51:45,340][0m Trial 1 finished with value: -601.19 and parameters: {'lr_b': 1, 'lr_e': -1, 'beta_b': 2, 'beta_e': -3, 'tmax': 1, 'activ': 1, 'hid': 1}. Best is trial 1 with value: -601.19.[0m
[32m[I 2022-09-16 09:55:33,684][0m Trial 2 finished with value: -956.89 and parameters: {'lr_b': 2, 'lr_e': -4, 'beta_b': 5, 'beta_e': -5, 'tmax': 3, 'activ': 0, 'hid': 2}. Best is trial 1 with value: -601.19.[0m
[32m[I 2022-09-16 09:57:52,717][0m Trial 3 finished with value: -603.6 and parameters: {'lr_b': 2, 'lr_e': -5, 'beta_b': 5, 'beta_e': -6, 'tmax': 4, 'activ': 2, 'hid': 2}. Best is trial 1 with value: -601.19.[0m
[32m[I 2022-09-16 09:59:17,657][0m Trial 4 finished with value: -131.52 and parameters: {'lr_b': 5, 'lr_e': -3, 'beta_b': 4, 'beta_e': -4, 'tmax': 4, 'activ': 1, 'hid': 2}. Best is trial 4 with value: -131.52.[0m
[32m[I 2022-09-16 10:04:23,482][0m Trial 5 finished with value: -277.73 and parameters: {'lr_b': 5, 'lr_e': -6, 'beta_b': 2, 'beta_e': -1, 'tmax': 1, 'activ': 1, 'hid': 0}. Best is trial 4 with value: -131.52.[0m
[32m[I 2022-09-16 10:11:35,304][0m Trial 6 finished with value: -274.02 and parameters: {'lr_b': 2, 'lr_e': -6, 'beta_b': 1, 'beta_e': -7, 'tmax': 0, 'activ': 1, 'hid': 2}. Best is trial 4 with value: -131.52.[0m
[32m[I 2022-09-16 10:13:58,945][0m Trial 7 finished with value: -1030.11 and parameters: {'lr_b': 4, 'lr_e': -4, 'beta_b': 2, 'beta_e': -1, 'tmax': 3, 'activ': 0, 'hid': 1}. Best is trial 4 with value: -131.52.[0m
[32m[I 2022-09-16 10:18:12,641][0m Trial 8 finished with value: -209.88 and parameters: {'lr_b': 1, 'lr_e': -7, 'beta_b': 3, 'beta_e': -1, 'tmax': 1, 'activ': 1, 'hid': 2}. Best is trial 4 with value: -131.52.[0m
[32m[I 2022-09-16 10:26:34,078][0m Trial 9 finished with value: -929.61 and parameters: {'lr_b': 5, 'lr_e': -3, 'beta_b': 3, 'beta_e': -2, 'tmax': 0, 'activ': 2, 'hid': 1}. Best is trial 4 with value: -131.52.[0m
[32m[I 2022-09-16 10:30:11,851][0m Trial 10 finished with value: -892.15 and parameters: {'lr_b': 5, 'lr_e': -2, 'beta_b': 3, 'beta_e': -5, 'tmax': 3, 'activ': 1, 'hid': 2}. Best is trial 4 with value: -131.52.[0m
[32m[I 2022-09-16 10:37:23,176][0m Trial 11 finished with value: -234.39 and parameters: {'lr_b': 3, 'lr_e': -6, 'beta_b': 3, 'beta_e': -1, 'tmax': 0, 'activ': 1, 'hid': 2}. Best is trial 4 with value: -131.52.[0m
[32m[I 2022-09-16 10:41:25,359][0m Trial 12 finished with value: -830.91 and parameters: {'lr_b': 1, 'lr_e': -6, 'beta_b': 3, 'beta_e': -2, 'tmax': 2, 'activ': 2, 'hid': 2}. Best is trial 4 with value: -131.52.[0m
[32m[I 2022-09-16 10:46:40,133][0m Trial 13 finished with value: -391.14 and parameters: {'lr_b': 1, 'lr_e': -6, 'beta_b': 1, 'beta_e': -2, 'tmax': 1, 'activ': 1, 'hid': 1}. Best is trial 4 with value: -131.52.[0m
[32m[I 2022-09-16 10:49:51,801][0m Trial 14 finished with value: -36.71 and parameters: {'lr_b': 5, 'lr_e': -4, 'beta_b': 5, 'beta_e': -3, 'tmax': 3, 'activ': 1, 'hid': 1}. Best is trial 14 with value: -36.71.[0m
[32m[I 2022-09-16 10:52:42,869][0m Trial 15 finished with value: -195.34 and parameters: {'lr_b': 5, 'lr_e': -5, 'beta_b': 5, 'beta_e': -3, 'tmax': 4, 'activ': 1, 'hid': 2}. Best is trial 14 with value: -36.71.[0m
[32m[I 2022-09-16 10:54:20,185][0m Trial 16 finished with value: -656.02 and parameters: {'lr_b': 4, 'lr_e': -1, 'beta_b': 5, 'beta_e': -3, 'tmax': 4, 'activ': 1, 'hid': 1}. Best is trial 14 with value: -36.71.[0m
[32m[I 2022-09-16 11:08:49,529][0m Trial 17 finished with value: 49.98 and parameters: {'lr_b': 5, 'lr_e': -4, 'beta_b': 5, 'beta_e': -4, 'tmax': 1, 'activ': 1, 'hid': 0}. Best is trial 17 with value: 49.98.[0m
[32m[I 2022-09-16 11:14:07,195][0m Trial 18 finished with value: -253.96 and parameters: {'lr_b': 5, 'lr_e': -5, 'beta_b': 5, 'beta_e': -4, 'tmax': 1, 'activ': 1, 'hid': 0}. Best is trial 17 with value: 49.98.[0m
[32m[I 2022-09-16 11:17:03,234][0m Trial 19 finished with value: -1323.78 and parameters: {'lr_b': 4, 'lr_e': -4, 'beta_b': 5, 'beta_e': -2, 'tmax': 3, 'activ': 0, 'hid': 1}. Best is trial 17 with value: 49.98.[0m
[32m[I 2022-09-16 11:22:50,628][0m Trial 20 finished with value: -833.47 and parameters: {'lr_b': 4, 'lr_e': -2, 'beta_b': 5, 'beta_e': -3, 'tmax': 1, 'activ': 1, 'hid': 0}. Best is trial 17 with value: 49.98.[0m
[32m[I 2022-09-16 11:24:50,074][0m Trial 21 finished with value: -136.33 and parameters: {'lr_b': 5, 'lr_e': -3, 'beta_b': 4, 'beta_e': -3, 'tmax': 3, 'activ': 2, 'hid': 2}. Best is trial 17 with value: 49.98.[0m
[32m[I 2022-09-16 11:27:48,212][0m Trial 22 finished with value: -321.22 and parameters: {'lr_b': 5, 'lr_e': -4, 'beta_b': 5, 'beta_e': -2, 'tmax': 3, 'activ': 1, 'hid': 0}. Best is trial 17 with value: 49.98.[0m
[32m[I 2022-09-16 11:33:15,494][0m Trial 23 finished with value: -183.31 and parameters: {'lr_b': 5, 'lr_e': -4, 'beta_b': 5, 'beta_e': -3, 'tmax': 1, 'activ': 1, 'hid': 2}. Best is trial 17 with value: 49.98.[0m
[32m[I 2022-09-16 11:36:19,475][0m Trial 24 finished with value: -130.63 and parameters: {'lr_b': 5, 'lr_e': -3, 'beta_b': 4, 'beta_e': -7, 'tmax': 1, 'activ': 1, 'hid': 1}. Best is trial 17 with value: 49.98.[0m
[32m[I 2022-09-16 11:39:09,234][0m Trial 25 finished with value: -133.89 and parameters: {'lr_b': 5, 'lr_e': -3, 'beta_b': 4, 'beta_e': -7, 'tmax': 1, 'activ': 1, 'hid': 1}. Best is trial 17 with value: 49.98.[0m
[32m[I 2022-09-16 11:46:15,779][0m Trial 26 finished with value: -235.49 and parameters: {'lr_b': 2, 'lr_e': -5, 'beta_b': 5, 'beta_e': -5, 'tmax': 0, 'activ': 1, 'hid': 0}. Best is trial 17 with value: 49.98.[0m
[32m[I 2022-09-16 11:48:14,373][0m Trial 27 finished with value: -600.03 and parameters: {'lr_b': 4, 'lr_e': -3, 'beta_b': 4, 'beta_e': -5, 'tmax': 3, 'activ': 2, 'hid': 0}. Best is trial 17 with value: 49.98.[0m
[32m[I 2022-09-16 11:52:06,592][0m Trial 28 finished with value: -234.83 and parameters: {'lr_b': 3, 'lr_e': -5, 'beta_b': 4, 'beta_e': -4, 'tmax': 2, 'activ': 1, 'hid': 1}. Best is trial 17 with value: 49.98.[0m
[32m[I 2022-09-16 11:56:39,666][0m Trial 29 finished with value: -583.79 and parameters: {'lr_b': 4, 'lr_e': -5, 'beta_b': 5, 'beta_e': -3, 'tmax': 0, 'activ': 0, 'hid': 0}. Best is trial 17 with value: 49.98.[0m
[32m[I 2022-09-16 11:58:34,823][0m Trial 30 finished with value: -181.43 and parameters: {'lr_b': 5, 'lr_e': -3, 'beta_b': 5, 'beta_e': -6, 'tmax': 3, 'activ': 1, 'hid': 1}. Best is trial 17 with value: 49.98.[0m
[32m[I 2022-09-16 12:01:57,832][0m Trial 31 finished with value: -877.48 and parameters: {'lr_b': 5, 'lr_e': -2, 'beta_b': 5, 'beta_e': -4, 'tmax': 4, 'activ': 1, 'hid': 2}. Best is trial 17 with value: 49.98.[0m
[32m[I 2022-09-16 12:07:13,524][0m Trial 32 finished with value: -123.71 and parameters: {'lr_b': 5, 'lr_e': -4, 'beta_b': 5, 'beta_e': -6, 'tmax': 1, 'activ': 2, 'hid': 0}. Best is trial 17 with value: 49.98.[0m
[32m[I 2022-09-16 12:14:36,307][0m Trial 33 finished with value: -663.18 and parameters: {'lr_b': 5, 'lr_e': -5, 'beta_b': 4, 'beta_e': -6, 'tmax': 1, 'activ': 2, 'hid': 1}. Best is trial 17 with value: 49.98.[0m
[32m[I 2022-09-16 12:20:35,479][0m Trial 34 finished with value: -678.7 and parameters: {'lr_b': 5, 'lr_e': -3, 'beta_b': 5, 'beta_e': -7, 'tmax': 1, 'activ': 2, 'hid': 0}. Best is trial 17 with value: 49.98.[0m
[32m[I 2022-09-16 12:25:06,749][0m Trial 35 finished with value: -556.25 and parameters: {'lr_b': 5, 'lr_e': -4, 'beta_b': 5, 'beta_e': -5, 'tmax': 0, 'activ': 2, 'hid': 0}. Best is trial 17 with value: 49.98.[0m
[32m[I 2022-09-16 12:31:05,310][0m Trial 36 finished with value: -845.14 and parameters: {'lr_b': 4, 'lr_e': -4, 'beta_b': 4, 'beta_e': -5, 'tmax': 1, 'activ': 0, 'hid': 1}. Best is trial 17 with value: 49.98.[0m
[32m[I 2022-09-16 12:33:32,042][0m Trial 37 finished with value: -592.5 and parameters: {'lr_b': 3, 'lr_e': -3, 'beta_b': 4, 'beta_e': -7, 'tmax': 2, 'activ': 1, 'hid': 0}. Best is trial 17 with value: 49.98.[0m
[32m[I 2022-09-16 12:38:40,874][0m Trial 38 finished with value: -867.89 and parameters: {'lr_b': 5, 'lr_e': -1, 'beta_b': 3, 'beta_e': -5, 'tmax': 1, 'activ': 1, 'hid': 0}. Best is trial 17 with value: 49.98.[0m
[32m[I 2022-09-16 12:40:42,305][0m Trial 39 finished with value: -136.0 and parameters: {'lr_b': 5, 'lr_e': -3, 'beta_b': 4, 'beta_e': -3, 'tmax': 2, 'activ': 1, 'hid': 1}. Best is trial 17 with value: 49.98.[0m
[32m[I 2022-09-16 12:45:04,766][0m Trial 40 finished with value: -1117.92 and parameters: {'lr_b': 5, 'lr_e': -3, 'beta_b': 5, 'beta_e': -6, 'tmax': 2, 'activ': 0, 'hid': 0}. Best is trial 17 with value: 49.98.[0m
[32m[I 2022-09-16 12:57:22,010][0m Trial 41 finished with value: 128.8 and parameters: {'lr_b': 5, 'lr_e': -4, 'beta_b': 5, 'beta_e': -6, 'tmax': 1, 'activ': 1, 'hid': 0}. Best is trial 41 with value: 128.8.[0m
[32m[I 2022-09-16 13:01:12,909][0m Trial 42 finished with value: -259.82 and parameters: {'lr_b': 5, 'lr_e': -5, 'beta_b': 5, 'beta_e': -7, 'tmax': 2, 'activ': 1, 'hid': 0}. Best is trial 41 with value: 128.8.[0m
[32m[I 2022-09-16 13:06:03,986][0m Trial 43 finished with value: -1186.14 and parameters: {'lr_b': 5, 'lr_e': -5, 'beta_b': 5, 'beta_e': -5, 'tmax': 2, 'activ': 2, 'hid': 0}. Best is trial 41 with value: 128.8.[0m
[32m[I 2022-09-16 13:11:25,264][0m Trial 44 finished with value: -276.3 and parameters: {'lr_b': 5, 'lr_e': -5, 'beta_b': 2, 'beta_e': -7, 'tmax': 1, 'activ': 1, 'hid': 0}. Best is trial 41 with value: 128.8.[0m
[32m[I 2022-09-16 13:18:33,033][0m Trial 45 finished with value: -235.09 and parameters: {'lr_b': 5, 'lr_e': -4, 'beta_b': 5, 'beta_e': -6, 'tmax': 0, 'activ': 1, 'hid': 0}. Best is trial 41 with value: 128.8.[0m
[32m[I 2022-09-16 13:23:05,071][0m Trial 46 finished with value: -570.86 and parameters: {'lr_b': 2, 'lr_e': -3, 'beta_b': 5, 'beta_e': -6, 'tmax': 0, 'activ': 1, 'hid': 2}. Best is trial 41 with value: 128.8.[0m
[32m[I 2022-09-16 13:25:41,979][0m Trial 47 finished with value: -182.43 and parameters: {'lr_b': 4, 'lr_e': -7, 'beta_b': 5, 'beta_e': -2, 'tmax': 4, 'activ': 2, 'hid': 1}. Best is trial 41 with value: 128.8.[0m
[32m[I 2022-09-16 13:28:48,484][0m Trial 48 finished with value: -226.47 and parameters: {'lr_b': 5, 'lr_e': -5, 'beta_b': 5, 'beta_e': -3, 'tmax': 3, 'activ': 1, 'hid': 1}. Best is trial 41 with value: 128.8.[0m
[32m[I 2022-09-16 13:36:40,243][0m Trial 49 finished with value: -888.41 and parameters: {'lr_b': 4, 'lr_e': -2, 'beta_b': 4, 'beta_e': -7, 'tmax': 0, 'activ': 0, 'hid': 0}. Best is trial 41 with value: 128.8.[0m
[32m[I 2022-09-16 13:44:38,669][0m Trial 50 finished with value: -814.47 and parameters: {'lr_b': 2, 'lr_e': -1, 'beta_b': 1, 'beta_e': -2, 'tmax': 0, 'activ': 0, 'hid': 1}. Best is trial 41 with value: 128.8.[0m
[32m[I 2022-09-16 13:46:56,457][0m Trial 51 finished with value: -560.51 and parameters: {'lr_b': 5, 'lr_e': -3, 'beta_b': 5, 'beta_e': -4, 'tmax': 2, 'activ': 1, 'hid': 0}. Best is trial 41 with value: 128.8.[0m
[32m[I 2022-09-16 13:48:45,359][0m Trial 52 finished with value: -665.11 and parameters: {'lr_b': 1, 'lr_e': -2, 'beta_b': 5, 'beta_e': -5, 'tmax': 4, 'activ': 2, 'hid': 0}. Best is trial 41 with value: 128.8.[0m
[32m[I 2022-09-16 13:54:53,086][0m Trial 53 finished with value: -1012.64 and parameters: {'lr_b': 5, 'lr_e': -2, 'beta_b': 1, 'beta_e': -7, 'tmax': 1, 'activ': 1, 'hid': 2}. Best is trial 41 with value: 128.8.[0m
[32m[I 2022-09-16 14:00:39,817][0m Trial 54 finished with value: 232.56 and parameters: {'lr_b': 5, 'lr_e': -4, 'beta_b': 3, 'beta_e': -3, 'tmax': 4, 'activ': 1, 'hid': 2}. Best is trial 54 with value: 232.56.[0m
[32m[I 2022-09-16 14:03:36,916][0m Trial 55 finished with value: -234.69 and parameters: {'lr_b': 4, 'lr_e': -4, 'beta_b': 2, 'beta_e': -1, 'tmax': 3, 'activ': 1, 'hid': 1}. Best is trial 54 with value: 232.56.[0m
[32m[I 2022-09-16 14:11:27,531][0m Trial 56 finished with value: -770.85 and parameters: {'lr_b': 4, 'lr_e': -4, 'beta_b': 3, 'beta_e': -3, 'tmax': 4, 'activ': 0, 'hid': 2}. Best is trial 54 with value: 232.56.[0m
[32m[I 2022-09-16 14:14:22,136][0m Trial 57 finished with value: -282.35 and parameters: {'lr_b': 5, 'lr_e': -5, 'beta_b': 2, 'beta_e': -4, 'tmax': 4, 'activ': 1, 'hid': 1}. Best is trial 54 with value: 232.56.[0m
[32m[I 2022-09-16 14:17:32,795][0m Trial 58 finished with value: -546.01 and parameters: {'lr_b': 4, 'lr_e': -5, 'beta_b': 1, 'beta_e': -3, 'tmax': 4, 'activ': 2, 'hid': 2}. Best is trial 54 with value: 232.56.[0m
[32m[I 2022-09-16 14:20:35,545][0m Trial 59 finished with value: -266.1 and parameters: {'lr_b': 5, 'lr_e': -6, 'beta_b': 3, 'beta_e': -2, 'tmax': 3, 'activ': 1, 'hid': 2}. Best is trial 54 with value: 232.56.[0m
[32m[I 2022-09-16 14:31:18,783][0m Trial 60 finished with value: 152.59 and parameters: {'lr_b': 5, 'lr_e': -4, 'beta_b': 3, 'beta_e': -3, 'tmax': 4, 'activ': 1, 'hid': 2}. Best is trial 54 with value: 232.56.[0m
[32m[I 2022-09-16 14:33:57,463][0m Trial 61 finished with value: -164.0 and parameters: {'lr_b': 5, 'lr_e': -4, 'beta_b': 3, 'beta_e': -4, 'tmax': 4, 'activ': 1, 'hid': 2}. Best is trial 54 with value: 232.56.[0m
[32m[I 2022-09-16 14:35:33,853][0m Trial 62 finished with value: -131.74 and parameters: {'lr_b': 3, 'lr_e': -2, 'beta_b': 3, 'beta_e': -2, 'tmax': 4, 'activ': 1, 'hid': 2}. Best is trial 54 with value: 232.56.[0m
[32m[I 2022-09-16 14:37:45,867][0m Trial 63 finished with value: -595.1 and parameters: {'lr_b': 5, 'lr_e': -3, 'beta_b': 4, 'beta_e': -1, 'tmax': 4, 'activ': 1, 'hid': 2}. Best is trial 54 with value: 232.56.[0m
[32m[I 2022-09-16 14:41:50,983][0m Trial 64 finished with value: -576.51 and parameters: {'lr_b': 4, 'lr_e': -1, 'beta_b': 4, 'beta_e': -6, 'tmax': 0, 'activ': 1, 'hid': 1}. Best is trial 54 with value: 232.56.[0m
[32m[I 2022-09-16 14:48:53,606][0m Trial 65 finished with value: -213.59 and parameters: {'lr_b': 5, 'lr_e': -5, 'beta_b': 5, 'beta_e': -2, 'tmax': 0, 'activ': 1, 'hid': 0}. Best is trial 54 with value: 232.56.[0m
[32m[I 2022-09-16 14:51:33,486][0m Trial 66 finished with value: -300.59 and parameters: {'lr_b': 4, 'lr_e': -4, 'beta_b': 3, 'beta_e': -2, 'tmax': 4, 'activ': 1, 'hid': 2}. Best is trial 54 with value: 232.56.[0m
[32m[I 2022-09-16 14:57:08,692][0m Trial 67 finished with value: -63.3 and parameters: {'lr_b': 5, 'lr_e': -4, 'beta_b': 4, 'beta_e': -5, 'tmax': 1, 'activ': 1, 'hid': 0}. Best is trial 54 with value: 232.56.[0m
[32m[I 2022-09-16 15:00:53,102][0m Trial 68 finished with value: -1105.2 and parameters: {'lr_b': 5, 'lr_e': -5, 'beta_b': 4, 'beta_e': -5, 'tmax': 4, 'activ': 2, 'hid': 2}. Best is trial 54 with value: 232.56.[0m
[32m[I 2022-09-16 15:06:13,944][0m Trial 69 finished with value: -212.51 and parameters: {'lr_b': 5, 'lr_e': -5, 'beta_b': 3, 'beta_e': -4, 'tmax': 1, 'activ': 1, 'hid': 0}. Best is trial 54 with value: 232.56.[0m
[32m[I 2022-09-16 15:08:03,118][0m Trial 70 finished with value: -638.25 and parameters: {'lr_b': 5, 'lr_e': -2, 'beta_b': 3, 'beta_e': -3, 'tmax': 3, 'activ': 1, 'hid': 2}. Best is trial 54 with value: 232.56.[0m
[32m[I 2022-09-16 15:11:12,179][0m Trial 71 finished with value: -587.04 and parameters: {'lr_b': 5, 'lr_e': -3, 'beta_b': 5, 'beta_e': -5, 'tmax': 1, 'activ': 1, 'hid': 0}. Best is trial 54 with value: 232.56.[0m
[32m[I 2022-09-16 15:21:13,157][0m Trial 72 finished with value: -668.98 and parameters: {'lr_b': 4, 'lr_e': -5, 'beta_b': 4, 'beta_e': -7, 'tmax': 0, 'activ': 2, 'hid': 0}. Best is trial 54 with value: 232.56.[0m
[32m[I 2022-09-16 15:28:32,148][0m Trial 73 finished with value: -201.68 and parameters: {'lr_b': 5, 'lr_e': -4, 'beta_b': 3, 'beta_e': -5, 'tmax': 0, 'activ': 1, 'hid': 1}. Best is trial 54 with value: 232.56.[0m
[32m[I 2022-09-16 15:31:25,706][0m Trial 74 finished with value: -207.08 and parameters: {'lr_b': 5, 'lr_e': -5, 'beta_b': 2, 'beta_e': -3, 'tmax': 4, 'activ': 1, 'hid': 2}. Best is trial 54 with value: 232.56.[0m
[32m[I 2022-09-16 15:36:50,770][0m Trial 75 finished with value: -219.12 and parameters: {'lr_b': 4, 'lr_e': -4, 'beta_b': 3, 'beta_e': -7, 'tmax': 1, 'activ': 1, 'hid': 1}. Best is trial 54 with value: 232.56.[0m
[32m[I 2022-09-16 15:42:09,705][0m Trial 76 finished with value: -221.07 and parameters: {'lr_b': 5, 'lr_e': -4, 'beta_b': 4, 'beta_e': -5, 'tmax': 1, 'activ': 1, 'hid': 0}. Best is trial 54 with value: 232.56.[0m
[32m[I 2022-09-16 15:45:10,014][0m Trial 77 finished with value: -558.45 and parameters: {'lr_b': 5, 'lr_e': -2, 'beta_b': 1, 'beta_e': -3, 'tmax': 1, 'activ': 0, 'hid': 0}. Best is trial 54 with value: 232.56.[0m
[32m[I 2022-09-16 15:47:34,011][0m Trial 78 finished with value: -207.34 and parameters: {'lr_b': 2, 'lr_e': -7, 'beta_b': 2, 'beta_e': -2, 'tmax': 4, 'activ': 2, 'hid': 0}. Best is trial 54 with value: 232.56.[0m
[32m[I 2022-09-16 15:49:46,951][0m Trial 79 finished with value: -585.39 and parameters: {'lr_b': 5, 'lr_e': -1, 'beta_b': 3, 'beta_e': -7, 'tmax': 2, 'activ': 1, 'hid': 1}. Best is trial 54 with value: 232.56.[0m
[32m[I 2022-09-16 15:53:12,022][0m Trial 80 finished with value: -578.17 and parameters: {'lr_b': 5, 'lr_e': -5, 'beta_b': 4, 'beta_e': -5, 'tmax': 1, 'activ': 0, 'hid': 0}. Best is trial 54 with value: 232.56.[0m
[32m[I 2022-09-16 15:59:41,264][0m Trial 81 finished with value: -931.19 and parameters: {'lr_b': 4, 'lr_e': -3, 'beta_b': 5, 'beta_e': -6, 'tmax': 1, 'activ': 2, 'hid': 1}. Best is trial 54 with value: 232.56.[0m
[32m[I 2022-09-16 16:02:23,383][0m Trial 82 finished with value: -241.83 and parameters: {'lr_b': 4, 'lr_e': -3, 'beta_b': 4, 'beta_e': -5, 'tmax': 4, 'activ': 1, 'hid': 2}. Best is trial 54 with value: 232.56.[0m
[32m[I 2022-09-16 16:05:02,397][0m Trial 83 finished with value: -191.54 and parameters: {'lr_b': 5, 'lr_e': -4, 'beta_b': 4, 'beta_e': -3, 'tmax': 4, 'activ': 1, 'hid': 1}. Best is trial 54 with value: 232.56.[0m
[32m[I 2022-09-16 16:07:23,603][0m Trial 84 finished with value: -138.12 and parameters: {'lr_b': 1, 'lr_e': -6, 'beta_b': 2, 'beta_e': -7, 'tmax': 4, 'activ': 1, 'hid': 1}. Best is trial 54 with value: 232.56.[0m
[32m[I 2022-09-16 16:10:15,427][0m Trial 85 finished with value: -129.82 and parameters: {'lr_b': 4, 'lr_e': -3, 'beta_b': 5, 'beta_e': -7, 'tmax': 1, 'activ': 1, 'hid': 1}. Best is trial 54 with value: 232.56.[0m
[32m[I 2022-09-16 16:13:26,040][0m Trial 86 finished with value: -119.59 and parameters: {'lr_b': 4, 'lr_e': -3, 'beta_b': 5, 'beta_e': -7, 'tmax': 1, 'activ': 1, 'hid': 1}. Best is trial 54 with value: 232.56.[0m
[32m[I 2022-09-16 16:17:22,878][0m Trial 87 finished with value: -123.33 and parameters: {'lr_b': 4, 'lr_e': -3, 'beta_b': 5, 'beta_e': -4, 'tmax': 0, 'activ': 1, 'hid': 1}. Best is trial 54 with value: 232.56.[0m
[32m[I 2022-09-16 16:22:01,346][0m Trial 88 finished with value: -564.36 and parameters: {'lr_b': 4, 'lr_e': -3, 'beta_b': 4, 'beta_e': -4, 'tmax': 0, 'activ': 1, 'hid': 1}. Best is trial 54 with value: 232.56.[0m
[32m[I 2022-09-16 16:26:02,844][0m Trial 89 finished with value: -566.98 and parameters: {'lr_b': 4, 'lr_e': -1, 'beta_b': 5, 'beta_e': -2, 'tmax': 0, 'activ': 1, 'hid': 1}. Best is trial 54 with value: 232.56.[0m
[32m[I 2022-09-16 16:28:06,729][0m Trial 90 finished with value: -1000.12 and parameters: {'lr_b': 5, 'lr_e': -2, 'beta_b': 1, 'beta_e': -7, 'tmax': 4, 'activ': 2, 'hid': 0}. Best is trial 54 with value: 232.56.[0m
[32m[I 2022-09-16 16:35:30,589][0m Trial 91 finished with value: -211.21 and parameters: {'lr_b': 3, 'lr_e': -4, 'beta_b': 5, 'beta_e': -4, 'tmax': 0, 'activ': 1, 'hid': 1}. Best is trial 54 with value: 232.56.[0m
[32m[I 2022-09-16 16:39:01,706][0m Trial 92 finished with value: -620.66 and parameters: {'lr_b': 4, 'lr_e': -3, 'beta_b': 5, 'beta_e': -7, 'tmax': 1, 'activ': 1, 'hid': 1}. Best is trial 54 with value: 232.56.[0m
[32m[I 2022-09-16 16:53:54,498][0m Trial 93 finished with value: 91.21 and parameters: {'lr_b': 3, 'lr_e': -4, 'beta_b': 5, 'beta_e': -7, 'tmax': 1, 'activ': 1, 'hid': 1}. Best is trial 54 with value: 232.56.[0m
[32m[I 2022-09-16 16:57:45,893][0m Trial 94 finished with value: -208.03 and parameters: {'lr_b': 3, 'lr_e': -5, 'beta_b': 5, 'beta_e': -6, 'tmax': 2, 'activ': 1, 'hid': 1}. Best is trial 54 with value: 232.56.[0m
[32m[I 2022-09-16 17:00:49,158][0m Trial 95 finished with value: -572.77 and parameters: {'lr_b': 2, 'lr_e': -3, 'beta_b': 5, 'beta_e': -7, 'tmax': 1, 'activ': 0, 'hid': 1}. Best is trial 54 with value: 232.56.[0m
[32m[I 2022-09-16 17:08:05,359][0m Trial 96 finished with value: -138.11 and parameters: {'lr_b': 5, 'lr_e': -5, 'beta_b': 5, 'beta_e': -7, 'tmax': 1, 'activ': 2, 'hid': 0}. Best is trial 54 with value: 232.56.[0m
[32m[I 2022-09-16 17:11:12,011][0m Trial 97 finished with value: -593.2 and parameters: {'lr_b': 4, 'lr_e': -2, 'beta_b': 5, 'beta_e': -5, 'tmax': 1, 'activ': 1, 'hid': 2}. Best is trial 54 with value: 232.56.[0m
[32m[I 2022-09-16 18:18:10,807][0m Trial 98 finished with value: 47.19 and parameters: {'lr_b': 2, 'lr_e': -5, 'beta_b': 5, 'beta_e': -7, 'tmax': 0, 'activ': 2, 'hid': 1}. Best is trial 54 with value: 232.56.[0m
[32m[I 2022-09-16 18:40:34,150][0m Trial 99 finished with value: -65.34 and parameters: {'lr_b': 2, 'lr_e': -5, 'beta_b': 5, 'beta_e': -7, 'tmax': 0, 'activ': 2, 'hid': 1}. Best is trial 54 with value: 232.56.[0m
[32m[I 2022-09-16 18:45:57,646][0m Trial 100 finished with value: -646.82 and parameters: {'lr_b': 1, 'lr_e': -6, 'beta_b': 4, 'beta_e': -6, 'tmax': 1, 'activ': 2, 'hid': 1}. Best is trial 54 with value: 232.56.[0m
[32m[I 2022-09-16 18:54:02,113][0m Trial 101 finished with value: -242.94 and parameters: {'lr_b': 2, 'lr_e': -6, 'beta_b': 5, 'beta_e': -7, 'tmax': 0, 'activ': 2, 'hid': 1}. Best is trial 54 with value: 232.56.[0m
[32m[I 2022-09-16 18:58:31,373][0m Trial 102 finished with value: -564.2 and parameters: {'lr_b': 2, 'lr_e': -4, 'beta_b': 4, 'beta_e': -7, 'tmax': 0, 'activ': 2, 'hid': 1}. Best is trial 54 with value: 232.56.[0m
[32m[I 2022-09-16 19:08:26,277][0m Trial 103 finished with value: -1226.57 and parameters: {'lr_b': 2, 'lr_e': -5, 'beta_b': 5, 'beta_e': -7, 'tmax': 0, 'activ': 2, 'hid': 2}. Best is trial 54 with value: 232.56.[0m
[32m[I 2022-09-16 19:16:39,286][0m Trial 104 finished with value: -225.94 and parameters: {'lr_b': 2, 'lr_e': -6, 'beta_b': 5, 'beta_e': -7, 'tmax': 0, 'activ': 0, 'hid': 1}. Best is trial 54 with value: 232.56.[0m
[32m[I 2022-09-16 19:26:31,328][0m Trial 105 finished with value: -1063.29 and parameters: {'lr_b': 2, 'lr_e': -5, 'beta_b': 5, 'beta_e': -7, 'tmax': 0, 'activ': 2, 'hid': 0}. Best is trial 54 with value: 232.56.[0m
[32m[I 2022-09-16 19:33:48,157][0m Trial 106 finished with value: -220.93 and parameters: {'lr_b': 4, 'lr_e': -5, 'beta_b': 5, 'beta_e': -6, 'tmax': 0, 'activ': 1, 'hid': 1}. Best is trial 54 with value: 232.56.[0m
[32m[I 2022-09-16 19:43:26,342][0m Trial 107 finished with value: -627.89 and parameters: {'lr_b': 1, 'lr_e': -4, 'beta_b': 5, 'beta_e': -6, 'tmax': 0, 'activ': 2, 'hid': 1}. Best is trial 54 with value: 232.56.[0m
[32m[I 2022-09-16 19:48:52,892][0m Trial 108 finished with value: -272.14 and parameters: {'lr_b': 2, 'lr_e': -5, 'beta_b': 5, 'beta_e': -7, 'tmax': 1, 'activ': 1, 'hid': 0}. Best is trial 54 with value: 232.56.[0m
[32m[I 2022-09-16 19:58:30,321][0m Trial 109 finished with value: 142.09 and parameters: {'lr_b': 2, 'lr_e': -4, 'beta_b': 5, 'beta_e': -7, 'tmax': 1, 'activ': 1, 'hid': 1}. Best is trial 54 with value: 232.56.[0m
[32m[I 2022-09-16 20:11:06,298][0m Trial 110 finished with value: 169.78 and parameters: {'lr_b': 3, 'lr_e': -4, 'beta_b': 5, 'beta_e': -7, 'tmax': 1, 'activ': 1, 'hid': 1}. Best is trial 54 with value: 232.56.[0m
[32m[I 2022-09-16 20:18:29,063][0m Trial 111 finished with value: -297.53 and parameters: {'lr_b': 1, 'lr_e': -5, 'beta_b': 4, 'beta_e': -6, 'tmax': 0, 'activ': 1, 'hid': 1}. Best is trial 54 with value: 232.56.[0m
[32m[I 2022-09-16 20:23:56,807][0m Trial 112 finished with value: -225.78 and parameters: {'lr_b': 2, 'lr_e': -4, 'beta_b': 4, 'beta_e': -7, 'tmax': 1, 'activ': 1, 'hid': 1}. Best is trial 54 with value: 232.56.[0m
[32m[I 2022-09-16 20:31:18,390][0m Trial 113 finished with value: -222.46 and parameters: {'lr_b': 3, 'lr_e': -4, 'beta_b': 5, 'beta_e': -7, 'tmax': 0, 'activ': 1, 'hid': 1}. Best is trial 54 with value: 232.56.[0m
[32m[I 2022-09-16 20:33:40,667][0m Trial 114 finished with value: -448.47 and parameters: {'lr_b': 3, 'lr_e': -3, 'beta_b': 5, 'beta_e': -7, 'tmax': 2, 'activ': 1, 'hid': 1}. Best is trial 54 with value: 232.56.[0m
[32m[I 2022-09-16 20:39:07,951][0m Trial 115 finished with value: -310.64 and parameters: {'lr_b': 4, 'lr_e': -6, 'beta_b': 5, 'beta_e': -5, 'tmax': 1, 'activ': 1, 'hid': 0}. Best is trial 54 with value: 232.56.[0m
[32m[I 2022-09-16 20:44:35,049][0m Trial 116 finished with value: -306.72 and parameters: {'lr_b': 3, 'lr_e': -6, 'beta_b': 5, 'beta_e': -7, 'tmax': 1, 'activ': 1, 'hid': 2}. Best is trial 54 with value: 232.56.[0m
[32m[I 2022-09-16 20:46:33,196][0m Trial 117 finished with value: -612.42 and parameters: {'lr_b': 5, 'lr_e': -3, 'beta_b': 5, 'beta_e': -2, 'tmax': 3, 'activ': 2, 'hid': 0}. Best is trial 54 with value: 232.56.[0m
[32m[I 2022-09-16 20:51:28,409][0m Trial 118 finished with value: -961.53 and parameters: {'lr_b': 2, 'lr_e': -4, 'beta_b': 5, 'beta_e': -7, 'tmax': 2, 'activ': 2, 'hid': 1}. Best is trial 54 with value: 232.56.[0m
[32m[I 2022-09-16 21:01:49,199][0m Trial 119 finished with value: 41.02 and parameters: {'lr_b': 5, 'lr_e': -4, 'beta_b': 5, 'beta_e': -1, 'tmax': 2, 'activ': 1, 'hid': 1}. Best is trial 54 with value: 232.56.[0m
[32m[I 2022-09-16 21:05:21,174][0m Trial 120 finished with value: -535.15 and parameters: {'lr_b': 5, 'lr_e': -3, 'beta_b': 4, 'beta_e': -1, 'tmax': 1, 'activ': 1, 'hid': 1}. Best is trial 54 with value: 232.56.[0m
[32m[I 2022-09-16 21:08:46,588][0m Trial 121 finished with value: -601.26 and parameters: {'lr_b': 4, 'lr_e': -2, 'beta_b': 1, 'beta_e': -2, 'tmax': 1, 'activ': 2, 'hid': 2}. Best is trial 54 with value: 232.56.[0m
[32m[I 2022-09-16 21:12:03,872][0m Trial 122 finished with value: -619.15 and parameters: {'lr_b': 4, 'lr_e': -3, 'beta_b': 3, 'beta_e': -4, 'tmax': 1, 'activ': 2, 'hid': 0}. Best is trial 54 with value: 232.56.[0m
[32m[I 2022-09-16 21:25:53,736][0m Trial 123 finished with value: 35.32 and parameters: {'lr_b': 5, 'lr_e': -4, 'beta_b': 5, 'beta_e': -1, 'tmax': 2, 'activ': 1, 'hid': 2}. Best is trial 54 with value: 232.56.[0m
[32m[I 2022-09-16 21:46:36,669][0m Trial 124 finished with value: 95.15 and parameters: {'lr_b': 5, 'lr_e': -4, 'beta_b': 5, 'beta_e': -2, 'tmax': 2, 'activ': 1, 'hid': 2}. Best is trial 54 with value: 232.56.[0m
[32m[I 2022-09-16 21:55:58,497][0m Trial 125 finished with value: -3.61 and parameters: {'lr_b': 4, 'lr_e': -4, 'beta_b': 4, 'beta_e': -1, 'tmax': 3, 'activ': 2, 'hid': 2}. Best is trial 54 with value: 232.56.[0m
[32m[I 2022-09-16 21:58:20,942][0m Trial 126 finished with value: -588.48 and parameters: {'lr_b': 4, 'lr_e': -4, 'beta_b': 5, 'beta_e': -2, 'tmax': 3, 'activ': 2, 'hid': 2}. Best is trial 54 with value: 232.56.[0m
[32m[I 2022-09-16 22:02:15,559][0m Trial 127 finished with value: -280.76 and parameters: {'lr_b': 5, 'lr_e': -5, 'beta_b': 5, 'beta_e': -2, 'tmax': 2, 'activ': 1, 'hid': 2}. Best is trial 54 with value: 232.56.[0m
[32m[I 2022-09-16 22:05:13,438][0m Trial 128 finished with value: -212.28 and parameters: {'lr_b': 5, 'lr_e': -5, 'beta_b': 5, 'beta_e': -1, 'tmax': 3, 'activ': 1, 'hid': 1}. Best is trial 54 with value: 232.56.[0m
[32m[I 2022-09-16 22:08:24,060][0m Trial 129 finished with value: -197.17 and parameters: {'lr_b': 4, 'lr_e': -5, 'beta_b': 3, 'beta_e': -1, 'tmax': 4, 'activ': 2, 'hid': 2}. Best is trial 54 with value: 232.56.[0m
[32m[I 2022-09-16 22:10:59,559][0m Trial 130 finished with value: -370.18 and parameters: {'lr_b': 5, 'lr_e': -3, 'beta_b': 5, 'beta_e': -1, 'tmax': 2, 'activ': 1, 'hid': 1}. Best is trial 54 with value: 232.56.[0m
[32m[I 2022-09-16 22:13:10,502][0m Trial 131 finished with value: -119.44 and parameters: {'lr_b': 5, 'lr_e': -3, 'beta_b': 4, 'beta_e': -2, 'tmax': 2, 'activ': 1, 'hid': 2}. Best is trial 54 with value: 232.56.[0m
[32m[I 2022-09-16 22:18:35,136][0m Trial 132 finished with value: -1016.41 and parameters: {'lr_b': 5, 'lr_e': -4, 'beta_b': 5, 'beta_e': -1, 'tmax': 2, 'activ': 2, 'hid': 2}. Best is trial 54 with value: 232.56.[0m
[32m[I 2022-09-16 22:22:37,961][0m Trial 133 finished with value: -1105.12 and parameters: {'lr_b': 4, 'lr_e': -3, 'beta_b': 3, 'beta_e': -2, 'tmax': 3, 'activ': 2, 'hid': 2}. Best is trial 54 with value: 232.56.[0m
[32m[I 2022-09-16 22:27:46,918][0m Trial 134 finished with value: -239.07 and parameters: {'lr_b': 5, 'lr_e': -5, 'beta_b': 4, 'beta_e': -1, 'tmax': 1, 'activ': 1, 'hid': 2}. Best is trial 54 with value: 232.56.[0m
[32m[I 2022-09-16 22:46:54,430][0m Trial 135 finished with value: 5.53 and parameters: {'lr_b': 4, 'lr_e': -4, 'beta_b': 5, 'beta_e': -1, 'tmax': 1, 'activ': 1, 'hid': 2}. Best is trial 54 with value: 232.56.[0m
[32m[I 2022-09-16 22:54:07,129][0m Trial 136 finished with value: -370.08 and parameters: {'lr_b': 3, 'lr_e': -7, 'beta_b': 5, 'beta_e': -2, 'tmax': 0, 'activ': 1, 'hid': 2}. Best is trial 54 with value: 232.56.[0m
[32m[I 2022-09-16 23:11:23,694][0m Trial 137 finished with value: 36.51 and parameters: {'lr_b': 4, 'lr_e': -4, 'beta_b': 5, 'beta_e': -2, 'tmax': 1, 'activ': 1, 'hid': 2}. Best is trial 54 with value: 232.56.[0m
[32m[I 2022-09-16 23:13:47,553][0m Trial 138 finished with value: -598.11 and parameters: {'lr_b': 3, 'lr_e': -3, 'beta_b': 5, 'beta_e': -1, 'tmax': 2, 'activ': 1, 'hid': 2}. Best is trial 54 with value: 232.56.[0m
[32m[I 2022-09-16 23:18:03,537][0m Trial 139 finished with value: -251.21 and parameters: {'lr_b': 3, 'lr_e': -6, 'beta_b': 5, 'beta_e': -1, 'tmax': 2, 'activ': 2, 'hid': 2}. Best is trial 54 with value: 232.56.[0m
[32m[I 2022-09-16 23:23:07,385][0m Trial 140 finished with value: -206.97 and parameters: {'lr_b': 4, 'lr_e': -5, 'beta_b': 5, 'beta_e': -1, 'tmax': 1, 'activ': 1, 'hid': 2}. Best is trial 54 with value: 232.56.[0m
[32m[I 2022-09-16 23:55:41,182][0m Trial 141 finished with value: 82.66 and parameters: {'lr_b': 4, 'lr_e': -5, 'beta_b': 5, 'beta_e': -2, 'tmax': 1, 'activ': 0, 'hid': 2}. Best is trial 54 with value: 232.56.[0m
[32m[I 2022-09-16 23:59:05,972][0m Trial 142 finished with value: -567.87 and parameters: {'lr_b': 4, 'lr_e': -5, 'beta_b': 4, 'beta_e': -2, 'tmax': 1, 'activ': 0, 'hid': 2}. Best is trial 54 with value: 232.56.[0m
[32m[I 2022-09-17 00:15:43,324][0m Trial 143 finished with value: 12.24 and parameters: {'lr_b': 5, 'lr_e': -4, 'beta_b': 5, 'beta_e': -1, 'tmax': 2, 'activ': 1, 'hid': 2}. Best is trial 54 with value: 232.56.[0m
[32m[I 2022-09-17 00:23:55,576][0m Trial 144 finished with value: -966.12 and parameters: {'lr_b': 5, 'lr_e': -4, 'beta_b': 5, 'beta_e': -3, 'tmax': 0, 'activ': 0, 'hid': 2}. Best is trial 54 with value: 232.56.[0m
[32m[I 2022-09-17 00:45:13,718][0m Trial 145 finished with value: 27.85 and parameters: {'lr_b': 4, 'lr_e': -4, 'beta_b': 5, 'beta_e': -1, 'tmax': 2, 'activ': 0, 'hid': 2}. Best is trial 54 with value: 232.56.[0m
[32m[I 2022-09-17 00:47:39,609][0m Trial 146 finished with value: -564.55 and parameters: {'lr_b': 5, 'lr_e': -3, 'beta_b': 5, 'beta_e': -1, 'tmax': 2, 'activ': 0, 'hid': 1}. Best is trial 54 with value: 232.56.[0m
[32m[I 2022-09-17 00:57:12,978][0m Trial 147 finished with value: 39.63 and parameters: {'lr_b': 4, 'lr_e': -4, 'beta_b': 5, 'beta_e': -1, 'tmax': 3, 'activ': 1, 'hid': 2}. Best is trial 54 with value: 232.56.[0m
[32m[I 2022-09-17 00:59:01,502][0m Trial 148 finished with value: -604.42 and parameters: {'lr_b': 4, 'lr_e': -2, 'beta_b': 5, 'beta_e': -2, 'tmax': 3, 'activ': 1, 'hid': 2}. Best is trial 54 with value: 232.56.[0m
[32m[I 2022-09-17 01:04:28,403][0m Trial 149 finished with value: -1313.04 and parameters: {'lr_b': 4, 'lr_e': -3, 'beta_b': 5, 'beta_e': -2, 'tmax': 2, 'activ': 0, 'hid': 2}. Best is trial 54 with value: 232.56.[0m
[32m[I 2022-09-17 01:06:18,275][0m Trial 150 finished with value: -610.93 and parameters: {'lr_b': 2, 'lr_e': -1, 'beta_b': 2, 'beta_e': -5, 'tmax': 4, 'activ': 2, 'hid': 1}. Best is trial 54 with value: 232.56.[0m
[32m[I 2022-09-17 01:14:13,274][0m Trial 151 finished with value: 46.71 and parameters: {'lr_b': 5, 'lr_e': -4, 'beta_b': 5, 'beta_e': -1, 'tmax': 3, 'activ': 1, 'hid': 2}. Best is trial 54 with value: 232.56.[0m
[32m[I 2022-09-17 01:20:14,363][0m Trial 152 finished with value: -819.86 and parameters: {'lr_b': 3, 'lr_e': -5, 'beta_b': 5, 'beta_e': -2, 'tmax': 1, 'activ': 0, 'hid': 2}. Best is trial 54 with value: 232.56.[0m
[32m[I 2022-09-17 01:36:56,276][0m Trial 153 finished with value: 37.46 and parameters: {'lr_b': 5, 'lr_e': -4, 'beta_b': 5, 'beta_e': -1, 'tmax': 2, 'activ': 0, 'hid': 2}. Best is trial 54 with value: 232.56.[0m
[32m[I 2022-09-17 01:40:08,144][0m Trial 154 finished with value: -126.3 and parameters: {'lr_b': 1, 'lr_e': -2, 'beta_b': 5, 'beta_e': -6, 'tmax': 1, 'activ': 1, 'hid': 1}. Best is trial 54 with value: 232.56.[0m
[32m[I 2022-09-17 01:41:57,160][0m Trial 155 finished with value: -544.39 and parameters: {'lr_b': 5, 'lr_e': -3, 'beta_b': 4, 'beta_e': -1, 'tmax': 3, 'activ': 0, 'hid': 2}. Best is trial 54 with value: 232.56.[0m
[32m[I 2022-09-17 01:54:02,461][0m Trial 156 finished with value: 76.97 and parameters: {'lr_b': 5, 'lr_e': -4, 'beta_b': 5, 'beta_e': -2, 'tmax': 3, 'activ': 1, 'hid': 2}. Best is trial 54 with value: 232.56.[0m
[32m[I 2022-09-17 01:57:10,070][0m Trial 157 finished with value: -197.39 and parameters: {'lr_b': 4, 'lr_e': -5, 'beta_b': 5, 'beta_e': -3, 'tmax': 3, 'activ': 1, 'hid': 2}. Best is trial 54 with value: 232.56.[0m
[32m[I 2022-09-17 02:06:52,170][0m Trial 158 finished with value: 109.82 and parameters: {'lr_b': 4, 'lr_e': -4, 'beta_b': 5, 'beta_e': -2, 'tmax': 4, 'activ': 1, 'hid': 2}. Best is trial 54 with value: 232.56.[0m
[32m[I 2022-09-17 02:15:23,429][0m Trial 159 finished with value: 95.44 and parameters: {'lr_b': 5, 'lr_e': -4, 'beta_b': 4, 'beta_e': -2, 'tmax': 4, 'activ': 1, 'hid': 2}. Best is trial 54 with value: 232.56.[0m
[32m[I 2022-09-17 02:18:06,636][0m Trial 160 finished with value: -261.03 and parameters: {'lr_b': 4, 'lr_e': -5, 'beta_b': 4, 'beta_e': -1, 'tmax': 4, 'activ': 1, 'hid': 2}. Best is trial 54 with value: 232.56.[0m
[32m[I 2022-09-17 02:21:34,342][0m Trial 161 finished with value: 18.83 and parameters: {'lr_b': 4, 'lr_e': -4, 'beta_b': 5, 'beta_e': -1, 'tmax': 4, 'activ': 1, 'hid': 2}. Best is trial 54 with value: 232.56.[0m
[32m[I 2022-09-17 02:25:15,489][0m Trial 162 finished with value: -702.8 and parameters: {'lr_b': 5, 'lr_e': -7, 'beta_b': 5, 'beta_e': -3, 'tmax': 2, 'activ': 0, 'hid': 2}. Best is trial 54 with value: 232.56.[0m
[32m[I 2022-09-17 02:28:54,043][0m Trial 163 finished with value: -55.19 and parameters: {'lr_b': 5, 'lr_e': -5, 'beta_b': 5, 'beta_e': -1, 'tmax': 3, 'activ': 0, 'hid': 2}. Best is trial 54 with value: 232.56.[0m
[32m[I 2022-09-17 02:31:30,502][0m Trial 164 finished with value: -285.69 and parameters: {'lr_b': 5, 'lr_e': -4, 'beta_b': 4, 'beta_e': -2, 'tmax': 4, 'activ': 1, 'hid': 2}. Best is trial 54 with value: 232.56.[0m
[32m[I 2022-09-17 02:33:19,135][0m Trial 165 finished with value: -599.71 and parameters: {'lr_b': 5, 'lr_e': -3, 'beta_b': 5, 'beta_e': -3, 'tmax': 3, 'activ': 1, 'hid': 2}. Best is trial 54 with value: 232.56.[0m
[32m[I 2022-09-17 02:34:46,170][0m Trial 166 finished with value: -131.2 and parameters: {'lr_b': 5, 'lr_e': -3, 'beta_b': 3, 'beta_e': -3, 'tmax': 4, 'activ': 1, 'hid': 2}. Best is trial 54 with value: 232.56.[0m
[32m[I 2022-09-17 02:39:10,546][0m Trial 167 finished with value: -566.52 and parameters: {'lr_b': 5, 'lr_e': -4, 'beta_b': 4, 'beta_e': -1, 'tmax': 1, 'activ': 0, 'hid': 2}. Best is trial 54 with value: 232.56.[0m
[32m[I 2022-09-17 02:44:34,470][0m Trial 168 finished with value: -231.21 and parameters: {'lr_b': 3, 'lr_e': -5, 'beta_b': 5, 'beta_e': -7, 'tmax': 1, 'activ': 1, 'hid': 1}. Best is trial 54 with value: 232.56.[0m
[32m[I 2022-09-17 02:51:30,596][0m Trial 169 finished with value: -237.38 and parameters: {'lr_b': 4, 'lr_e': -7, 'beta_b': 5, 'beta_e': -1, 'tmax': 0, 'activ': 0, 'hid': 2}. Best is trial 54 with value: 232.56.[0m
[32m[I 2022-09-17 02:54:36,760][0m Trial 170 finished with value: -280.8 and parameters: {'lr_b': 2, 'lr_e': -6, 'beta_b': 5, 'beta_e': -1, 'tmax': 3, 'activ': 1, 'hid': 2}. Best is trial 54 with value: 232.56.[0m
[32m[I 2022-09-17 02:56:19,203][0m Trial 171 finished with value: -139.09 and parameters: {'lr_b': 4, 'lr_e': -3, 'beta_b': 1, 'beta_e': -3, 'tmax': 3, 'activ': 1, 'hid': 2}. Best is trial 54 with value: 232.56.[0m
[32m[I 2022-09-17 03:00:22,409][0m Trial 172 finished with value: -604.26 and parameters: {'lr_b': 2, 'lr_e': -1, 'beta_b': 1, 'beta_e': -6, 'tmax': 0, 'activ': 0, 'hid': 0}. Best is trial 54 with value: 232.56.[0m
[32m[I 2022-09-17 03:14:53,571][0m Trial 173 finished with value: 102.38 and parameters: {'lr_b': 4, 'lr_e': -4, 'beta_b': 5, 'beta_e': -2, 'tmax': 3, 'activ': 1, 'hid': 2}. Best is trial 54 with value: 232.56.[0m
[32m[I 2022-09-17 03:17:09,268][0m Trial 174 finished with value: -131.05 and parameters: {'lr_b': 4, 'lr_e': -3, 'beta_b': 5, 'beta_e': -1, 'tmax': 3, 'activ': 1, 'hid': 2}. Best is trial 54 with value: 232.56.[0m
[32m[I 2022-09-17 03:19:05,126][0m Trial 175 finished with value: -189.97 and parameters: {'lr_b': 3, 'lr_e': -3, 'beta_b': 5, 'beta_e': -3, 'tmax': 4, 'activ': 1, 'hid': 2}. Best is trial 54 with value: 232.56.[0m
[32m[I 2022-09-17 03:22:26,561][0m Trial 176 finished with value: -591.24 and parameters: {'lr_b': 1, 'lr_e': -3, 'beta_b': 2, 'beta_e': -1, 'tmax': 1, 'activ': 2, 'hid': 1}. Best is trial 54 with value: 232.56.[0m
[32m[I 2022-09-17 03:26:18,468][0m Trial 177 finished with value: -126.95 and parameters: {'lr_b': 5, 'lr_e': -4, 'beta_b': 4, 'beta_e': -4, 'tmax': 3, 'activ': 0, 'hid': 2}. Best is trial 54 with value: 232.56.[0m
[32m[I 2022-09-17 03:29:16,293][0m Trial 178 finished with value: -186.28 and parameters: {'lr_b': 4, 'lr_e': -5, 'beta_b': 5, 'beta_e': -1, 'tmax': 3, 'activ': 1, 'hid': 2}. Best is trial 54 with value: 232.56.[0m
[32m[I 2022-09-17 03:32:06,834][0m Trial 179 finished with value: -200.66 and parameters: {'lr_b': 5, 'lr_e': -5, 'beta_b': 5, 'beta_e': -3, 'tmax': 4, 'activ': 1, 'hid': 2}. Best is trial 54 with value: 232.56.[0m
[32m[I 2022-09-17 03:35:03,307][0m Trial 180 finished with value: -668.3 and parameters: {'lr_b': 3, 'lr_e': -6, 'beta_b': 2, 'beta_e': -6, 'tmax': 4, 'activ': 2, 'hid': 1}. Best is trial 54 with value: 232.56.[0m
[32m[I 2022-09-17 03:43:09,838][0m Trial 181 finished with value: 178.99 and parameters: {'lr_b': 4, 'lr_e': -4, 'beta_b': 5, 'beta_e': -3, 'tmax': 2, 'activ': 1, 'hid': 2}. Best is trial 54 with value: 232.56.[0m
[32m[I 2022-09-17 03:46:02,426][0m Trial 182 finished with value: -212.78 and parameters: {'lr_b': 5, 'lr_e': -5, 'beta_b': 3, 'beta_e': -3, 'tmax': 4, 'activ': 1, 'hid': 2}. Best is trial 54 with value: 232.56.[0m
[32m[I 2022-09-17 03:55:47,565][0m Trial 183 finished with value: 36.34 and parameters: {'lr_b': 4, 'lr_e': -4, 'beta_b': 5, 'beta_e': -3, 'tmax': 1, 'activ': 1, 'hid': 0}. Best is trial 54 with value: 232.56.[0m
[32m[I 2022-09-17 04:10:17,309][0m Trial 184 finished with value: 94.4 and parameters: {'lr_b': 5, 'lr_e': -4, 'beta_b': 5, 'beta_e': -6, 'tmax': 1, 'activ': 1, 'hid': 0}. Best is trial 54 with value: 232.56.[0m
[32m[I 2022-09-17 04:24:37,637][0m Trial 185 finished with value: 61.21 and parameters: {'lr_b': 5, 'lr_e': -4, 'beta_b': 4, 'beta_e': -1, 'tmax': 3, 'activ': 1, 'hid': 2}. Best is trial 54 with value: 232.56.[0m
[32m[I 2022-09-17 04:32:33,836][0m Trial 186 finished with value: 158.23 and parameters: {'lr_b': 5, 'lr_e': -4, 'beta_b': 4, 'beta_e': -4, 'tmax': 2, 'activ': 1, 'hid': 2}. Best is trial 54 with value: 232.56.[0m
[32m[I 2022-09-17 04:46:00,855][0m Trial 187 finished with value: 69.72 and parameters: {'lr_b': 5, 'lr_e': -4, 'beta_b': 5, 'beta_e': -7, 'tmax': 1, 'activ': 1, 'hid': 0}. Best is trial 54 with value: 232.56.[0m
[32m[I 2022-09-17 04:52:01,005][0m Trial 188 finished with value: 191.15 and parameters: {'lr_b': 4, 'lr_e': -4, 'beta_b': 3, 'beta_e': -4, 'tmax': 2, 'activ': 1, 'hid': 2}. Best is trial 54 with value: 232.56.[0m
[32m[I 2022-09-17 04:57:27,691][0m Trial 189 finished with value: 142.35 and parameters: {'lr_b': 3, 'lr_e': -4, 'beta_b': 3, 'beta_e': -3, 'tmax': 2, 'activ': 1, 'hid': 2}. Best is trial 54 with value: 232.56.[0m
[32m[I 2022-09-17 05:01:24,663][0m Trial 190 finished with value: -208.05 and parameters: {'lr_b': 4, 'lr_e': -5, 'beta_b': 4, 'beta_e': -4, 'tmax': 2, 'activ': 1, 'hid': 2}. Best is trial 54 with value: 232.56.[0m
[32m[I 2022-09-17 05:03:48,582][0m Trial 191 finished with value: -137.59 and parameters: {'lr_b': 3, 'lr_e': -3, 'beta_b': 3, 'beta_e': -3, 'tmax': 2, 'activ': 1, 'hid': 2}. Best is trial 54 with value: 232.56.[0m
[32m[I 2022-09-17 05:28:27,399][0m Trial 192 finished with value: 104.37 and parameters: {'lr_b': 5, 'lr_e': -4, 'beta_b': 5, 'beta_e': -7, 'tmax': 1, 'activ': 1, 'hid': 0}. Best is trial 54 with value: 232.56.[0m
[32m[I 2022-09-17 05:34:01,956][0m Trial 193 finished with value: -245.14 and parameters: {'lr_b': 4, 'lr_e': -5, 'beta_b': 2, 'beta_e': -3, 'tmax': 1, 'activ': 1, 'hid': 2}. Best is trial 54 with value: 232.56.[0m
[32m[I 2022-09-17 05:39:30,013][0m Trial 194 finished with value: -275.79 and parameters: {'lr_b': 5, 'lr_e': -6, 'beta_b': 4, 'beta_e': -7, 'tmax': 1, 'activ': 1, 'hid': 0}. Best is trial 54 with value: 232.56.[0m
[32m[I 2022-09-17 05:44:42,132][0m Trial 195 finished with value: -131.54 and parameters: {'lr_b': 5, 'lr_e': -4, 'beta_b': 5, 'beta_e': -6, 'tmax': 1, 'activ': 1, 'hid': 0}. Best is trial 54 with value: 232.56.[0m
[32m[I 2022-09-17 05:56:58,406][0m Trial 196 finished with value: -131.97 and parameters: {'lr_b': 5, 'lr_e': -4, 'beta_b': 4, 'beta_e': -5, 'tmax': 1, 'activ': 1, 'hid': 2}. Best is trial 54 with value: 232.56.[0m
[32m[I 2022-09-17 06:01:27,270][0m Trial 197 finished with value: -552.65 and parameters: {'lr_b': 5, 'lr_e': -3, 'beta_b': 5, 'beta_e': -7, 'tmax': 0, 'activ': 1, 'hid': 0}. Best is trial 54 with value: 232.56.[0m
[32m[I 2022-09-17 06:05:14,534][0m Trial 198 finished with value: -233.6 and parameters: {'lr_b': 4, 'lr_e': -4, 'beta_b': 5, 'beta_e': -7, 'tmax': 2, 'activ': 1, 'hid': 0}. Best is trial 54 with value: 232.56.[0m
[32m[I 2022-09-17 06:08:22,026][0m Trial 199 finished with value: -244.38 and parameters: {'lr_b': 3, 'lr_e': -5, 'beta_b': 3, 'beta_e': -7, 'tmax': 3, 'activ': 1, 'hid': 2}. Best is trial 54 with value: 232.56.[0m
[32m[I 2022-09-17 06:13:37,228][0m Trial 200 finished with value: -220.72 and parameters: {'lr_b': 5, 'lr_e': -4, 'beta_b': 5, 'beta_e': -7, 'tmax': 1, 'activ': 1, 'hid': 0}. Best is trial 54 with value: 232.56.[0m
[32m[I 2022-09-17 06:15:39,994][0m Trial 201 finished with value: -137.65 and parameters: {'lr_b': 4, 'lr_e': -3, 'beta_b': 3, 'beta_e': -5, 'tmax': 2, 'activ': 1, 'hid': 1}. Best is trial 54 with value: 232.56.[0m
[32m[I 2022-09-17 06:18:38,044][0m Trial 202 finished with value: -131.73 and parameters: {'lr_b': 5, 'lr_e': -4, 'beta_b': 4, 'beta_e': -4, 'tmax': 3, 'activ': 1, 'hid': 2}. Best is trial 54 with value: 232.56.[0m
[32m[I 2022-09-17 06:24:03,374][0m Trial 203 finished with value: -227.49 and parameters: {'lr_b': 2, 'lr_e': -4, 'beta_b': 5, 'beta_e': -7, 'tmax': 1, 'activ': 1, 'hid': 1}. Best is trial 54 with value: 232.56.[0m
[32m[I 2022-09-17 06:27:50,293][0m Trial 204 finished with value: -114.49 and parameters: {'lr_b': 5, 'lr_e': -4, 'beta_b': 5, 'beta_e': -5, 'tmax': 2, 'activ': 1, 'hid': 0}. Best is trial 54 with value: 232.56.[0m
[32m[I 2022-09-17 06:30:53,513][0m Trial 205 finished with value: -184.22 and parameters: {'lr_b': 4, 'lr_e': -4, 'beta_b': 3, 'beta_e': -4, 'tmax': 3, 'activ': 1, 'hid': 2}. Best is trial 54 with value: 232.56.[0m
[32m[I 2022-09-17 06:45:02,664][0m Trial 206 finished with value: 66.97 and parameters: {'lr_b': 5, 'lr_e': -4, 'beta_b': 3, 'beta_e': -1, 'tmax': 3, 'activ': 1, 'hid': 2}. Best is trial 54 with value: 232.56.[0m
[32m[I 2022-09-17 07:05:42,404][0m Trial 207 finished with value: 57.23 and parameters: {'lr_b': 5, 'lr_e': -4, 'beta_b': 3, 'beta_e': -1, 'tmax': 2, 'activ': 1, 'hid': 2}. Best is trial 54 with value: 232.56.[0m
[32m[I 2022-09-17 07:09:33,552][0m Trial 208 finished with value: 54.39 and parameters: {'lr_b': 5, 'lr_e': -4, 'beta_b': 3, 'beta_e': -1, 'tmax': 4, 'activ': 1, 'hid': 2}. Best is trial 54 with value: 232.56.[0m
[32m[I 2022-09-17 07:14:29,962][0m Trial 209 finished with value: -931.32 and parameters: {'lr_b': 5, 'lr_e': -4, 'beta_b': 5, 'beta_e': -5, 'tmax': 2, 'activ': 2, 'hid': 2}. Best is trial 54 with value: 232.56.[0m
[32m[I 2022-09-17 07:19:52,679][0m Trial 210 finished with value: -952.15 and parameters: {'lr_b': 3, 'lr_e': -5, 'beta_b': 2, 'beta_e': -4, 'tmax': 2, 'activ': 2, 'hid': 2}. Best is trial 54 with value: 232.56.[0m
[32m[I 2022-09-17 07:22:17,232][0m Trial 211 finished with value: -122.35 and parameters: {'lr_b': 3, 'lr_e': -3, 'beta_b': 5, 'beta_e': -3, 'tmax': 2, 'activ': 1, 'hid': 2}. Best is trial 54 with value: 232.56.[0m
[32m[I 2022-09-17 07:24:31,083][0m Trial 212 finished with value: -194.9 and parameters: {'lr_b': 4, 'lr_e': -3, 'beta_b': 3, 'beta_e': -1, 'tmax': 3, 'activ': 1, 'hid': 2}. Best is trial 54 with value: 232.56.[0m
[32m[I 2022-09-17 07:27:39,096][0m Trial 213 finished with value: -290.66 and parameters: {'lr_b': 3, 'lr_e': -5, 'beta_b': 3, 'beta_e': -3, 'tmax': 3, 'activ': 1, 'hid': 2}. Best is trial 54 with value: 232.56.[0m
[32m[I 2022-09-17 07:31:35,127][0m Trial 214 finished with value: -244.67 and parameters: {'lr_b': 5, 'lr_e': -5, 'beta_b': 2, 'beta_e': -2, 'tmax': 2, 'activ': 1, 'hid': 2}. Best is trial 54 with value: 232.56.[0m
[32m[I 2022-09-17 07:39:18,208][0m Trial 215 finished with value: 111.14 and parameters: {'lr_b': 5, 'lr_e': -4, 'beta_b': 3, 'beta_e': -3, 'tmax': 2, 'activ': 1, 'hid': 2}. Best is trial 54 with value: 232.56.[0m
[32m[I 2022-09-17 07:41:24,666][0m Trial 216 finished with value: -130.15 and parameters: {'lr_b': 5, 'lr_e': -3, 'beta_b': 3, 'beta_e': -3, 'tmax': 2, 'activ': 1, 'hid': 2}. Best is trial 54 with value: 232.56.[0m
[32m[I 2022-09-17 07:43:41,869][0m Trial 217 finished with value: -131.42 and parameters: {'lr_b': 4, 'lr_e': -3, 'beta_b': 3, 'beta_e': -4, 'tmax': 2, 'activ': 1, 'hid': 2}. Best is trial 54 with value: 232.56.[0m
[32m[I 2022-09-17 07:45:57,893][0m Trial 218 finished with value: -599.03 and parameters: {'lr_b': 5, 'lr_e': -3, 'beta_b': 5, 'beta_e': -7, 'tmax': 2, 'activ': 1, 'hid': 0}. Best is trial 54 with value: 232.56.[0m
[32m[I 2022-09-17 07:49:50,982][0m Trial 219 finished with value: -286.43 and parameters: {'lr_b': 1, 'lr_e': -5, 'beta_b': 5, 'beta_e': -5, 'tmax': 2, 'activ': 1, 'hid': 2}. Best is trial 54 with value: 232.56.[0m
[32m[I 2022-09-17 08:16:34,714][0m Trial 220 finished with value: 72.61 and parameters: {'lr_b': 3, 'lr_e': -4, 'beta_b': 5, 'beta_e': -7, 'tmax': 1, 'activ': 1, 'hid': 2}. Best is trial 54 with value: 232.56.[0m
[32m[I 2022-09-17 08:22:07,796][0m Trial 221 finished with value: -215.64 and parameters: {'lr_b': 2, 'lr_e': -4, 'beta_b': 5, 'beta_e': -6, 'tmax': 1, 'activ': 1, 'hid': 2}. Best is trial 54 with value: 232.56.[0m
[32m[I 2022-09-17 08:25:01,755][0m Trial 222 finished with value: -140.4 and parameters: {'lr_b': 3, 'lr_e': -2, 'beta_b': 4, 'beta_e': -7, 'tmax': 1, 'activ': 1, 'hid': 2}. Best is trial 54 with value: 232.56.[0m
[32m[I 2022-09-17 08:28:56,683][0m Trial 223 finished with value: -204.34 and parameters: {'lr_b': 4, 'lr_e': -4, 'beta_b': 5, 'beta_e': -7, 'tmax': 2, 'activ': 1, 'hid': 2}. Best is trial 54 with value: 232.56.[0m
[32m[I 2022-09-17 08:34:26,832][0m Trial 224 finished with value: -212.24 and parameters: {'lr_b': 3, 'lr_e': -5, 'beta_b': 3, 'beta_e': -3, 'tmax': 1, 'activ': 1, 'hid': 2}. Best is trial 54 with value: 232.56.[0m
[32m[I 2022-09-17 08:39:59,796][0m Trial 225 finished with value: -231.79 and parameters: {'lr_b': 3, 'lr_e': -4, 'beta_b': 5, 'beta_e': -6, 'tmax': 1, 'activ': 1, 'hid': 2}. Best is trial 54 with value: 232.56.[0m
[32m[I 2022-09-17 08:43:07,824][0m Trial 226 finished with value: -255.63 and parameters: {'lr_b': 1, 'lr_e': -4, 'beta_b': 2, 'beta_e': -3, 'tmax': 3, 'activ': 1, 'hid': 2}. Best is trial 54 with value: 232.56.[0m
[32m[I 2022-09-17 08:52:06,260][0m Trial 227 finished with value: -1002.36 and parameters: {'lr_b': 1, 'lr_e': -1, 'beta_b': 1, 'beta_e': -6, 'tmax': 0, 'activ': 2, 'hid': 2}. Best is trial 54 with value: 232.56.[0m
[32m[I 2022-09-17 08:58:22,934][0m Trial 228 finished with value: -219.86 and parameters: {'lr_b': 3, 'lr_e': -3, 'beta_b': 5, 'beta_e': -6, 'tmax': 0, 'activ': 1, 'hid': 0}. Best is trial 54 with value: 232.56.[0m
[32m[I 2022-09-17 09:00:30,377][0m Trial 229 finished with value: -180.86 and parameters: {'lr_b': 4, 'lr_e': -7, 'beta_b': 4, 'beta_e': -5, 'tmax': 4, 'activ': 1, 'hid': 0}. Best is trial 54 with value: 232.56.[0m
[32m[I 2022-09-17 09:15:22,660][0m Trial 230 finished with value: 108.32 and parameters: {'lr_b': 5, 'lr_e': -4, 'beta_b': 4, 'beta_e': -7, 'tmax': 1, 'activ': 1, 'hid': 0}. Best is trial 54 with value: 232.56.[0m
[32m[I 2022-09-17 09:19:17,004][0m Trial 231 finished with value: -219.48 and parameters: {'lr_b': 4, 'lr_e': -4, 'beta_b': 5, 'beta_e': -4, 'tmax': 2, 'activ': 1, 'hid': 2}. Best is trial 54 with value: 232.56.[0m
[32m[I 2022-09-17 09:26:33,900][0m Trial 232 finished with value: 150.64 and parameters: {'lr_b': 5, 'lr_e': -4, 'beta_b': 5, 'beta_e': -7, 'tmax': 1, 'activ': 1, 'hid': 0}. Best is trial 54 with value: 232.56.[0m
[32m[I 2022-09-17 09:33:42,031][0m Trial 233 finished with value: -182.59 and parameters: {'lr_b': 5, 'lr_e': -4, 'beta_b': 4, 'beta_e': -6, 'tmax': 0, 'activ': 1, 'hid': 0}. Best is trial 54 with value: 232.56.[0m
[32m[I 2022-09-17 09:36:23,852][0m Trial 234 finished with value: -122.18 and parameters: {'lr_b': 4, 'lr_e': -4, 'beta_b': 4, 'beta_e': -3, 'tmax': 4, 'activ': 1, 'hid': 2}. Best is trial 54 with value: 232.56.[0m
[32m[I 2022-09-17 09:43:30,792][0m Trial 235 finished with value: -199.57 and parameters: {'lr_b': 4, 'lr_e': -5, 'beta_b': 4, 'beta_e': -7, 'tmax': 0, 'activ': 1, 'hid': 0}. Best is trial 54 with value: 232.56.[0m
[32m[I 2022-09-17 09:46:17,820][0m Trial 236 finished with value: -115.55 and parameters: {'lr_b': 5, 'lr_e': -4, 'beta_b': 1, 'beta_e': -6, 'tmax': 3, 'activ': 0, 'hid': 0}. Best is trial 54 with value: 232.56.[0m
[32m[I 2022-09-17 09:56:41,283][0m Trial 237 finished with value: 68.69 and parameters: {'lr_b': 4, 'lr_e': -4, 'beta_b': 5, 'beta_e': -7, 'tmax': 1, 'activ': 1, 'hid': 0}. Best is trial 54 with value: 232.56.[0m
[32m[I 2022-09-17 09:59:10,649][0m Trial 238 finished with value: -190.76 and parameters: {'lr_b': 3, 'lr_e': -7, 'beta_b': 2, 'beta_e': -4, 'tmax': 3, 'activ': 0, 'hid': 2}. Best is trial 54 with value: 232.56.[0m
[32m[I 2022-09-17 10:01:26,527][0m Trial 239 finished with value: -597.86 and parameters: {'lr_b': 1, 'lr_e': -1, 'beta_b': 4, 'beta_e': -1, 'tmax': 2, 'activ': 0, 'hid': 2}. Best is trial 54 with value: 232.56.[0m
[32m[I 2022-09-17 10:05:19,774][0m Trial 240 finished with value: -272.47 and parameters: {'lr_b': 5, 'lr_e': -6, 'beta_b': 3, 'beta_e': -5, 'tmax': 2, 'activ': 1, 'hid': 2}. Best is trial 54 with value: 232.56.[0m
[32m[I 2022-09-17 10:10:35,428][0m Trial 241 finished with value: -210.1 and parameters: {'lr_b': 4, 'lr_e': -4, 'beta_b': 5, 'beta_e': -6, 'tmax': 1, 'activ': 1, 'hid': 0}. Best is trial 54 with value: 232.56.[0m
[32m[I 2022-09-17 10:15:55,485][0m Trial 242 finished with value: -238.88 and parameters: {'lr_b': 5, 'lr_e': -5, 'beta_b': 4, 'beta_e': -6, 'tmax': 1, 'activ': 1, 'hid': 0}. Best is trial 54 with value: 232.56.[0m
[32m[I 2022-09-17 10:21:12,414][0m Trial 243 finished with value: -192.08 and parameters: {'lr_b': 5, 'lr_e': -4, 'beta_b': 4, 'beta_e': -7, 'tmax': 1, 'activ': 1, 'hid': 0}. Best is trial 54 with value: 232.56.[0m
[32m[I 2022-09-17 10:26:29,560][0m Trial 244 finished with value: -239.13 and parameters: {'lr_b': 4, 'lr_e': -4, 'beta_b': 4, 'beta_e': -7, 'tmax': 1, 'activ': 1, 'hid': 0}. Best is trial 54 with value: 232.56.[0m
[32m[I 2022-09-17 10:29:00,562][0m Trial 245 finished with value: -429.12 and parameters: {'lr_b': 2, 'lr_e': -6, 'beta_b': 4, 'beta_e': -1, 'tmax': 3, 'activ': 0, 'hid': 0}. Best is trial 54 with value: 232.56.[0m
[32m[I 2022-09-17 10:34:23,607][0m Trial 246 finished with value: -207.31 and parameters: {'lr_b': 5, 'lr_e': -5, 'beta_b': 5, 'beta_e': -7, 'tmax': 1, 'activ': 1, 'hid': 1}. Best is trial 54 with value: 232.56.[0m
[32m[I 2022-09-17 10:37:05,751][0m Trial 247 finished with value: -708.71 and parameters: {'lr_b': 3, 'lr_e': -6, 'beta_b': 5, 'beta_e': -7, 'tmax': 4, 'activ': 0, 'hid': 2}. Best is trial 54 with value: 232.56.[0m
[32m[I 2022-09-17 10:40:24,529][0m Trial 248 finished with value: -129.1 and parameters: {'lr_b': 5, 'lr_e': -3, 'beta_b': 5, 'beta_e': -7, 'tmax': 1, 'activ': 1, 'hid': 0}. Best is trial 54 with value: 232.56.[0m
[32m[I 2022-09-17 10:45:43,263][0m Trial 249 finished with value: -231.75 and parameters: {'lr_b': 5, 'lr_e': -5, 'beta_b': 5, 'beta_e': -7, 'tmax': 1, 'activ': 1, 'hid': 0}. Best is trial 54 with value: 232.56.[0m
[32m[I 2022-09-17 10:48:39,161][0m Trial 250 finished with value: -130.79 and parameters: {'lr_b': 3, 'lr_e': -3, 'beta_b': 5, 'beta_e': -7, 'tmax': 1, 'activ': 1, 'hid': 2}. Best is trial 54 with value: 232.56.[0m
[32m[I 2022-09-17 10:54:04,538][0m Trial 251 finished with value: -204.29 and parameters: {'lr_b': 3, 'lr_e': -5, 'beta_b': 4, 'beta_e': -7, 'tmax': 1, 'activ': 1, 'hid': 1}. Best is trial 54 with value: 232.56.[0m
[32m[I 2022-09-17 11:00:42,873][0m Trial 252 finished with value: -902.2 and parameters: {'lr_b': 5, 'lr_e': -4, 'beta_b': 3, 'beta_e': -3, 'tmax': 1, 'activ': 2, 'hid': 2}. Best is trial 54 with value: 232.56.[0m
[32m[I 2022-09-17 11:08:08,685][0m Trial 253 finished with value: -118.21 and parameters: {'lr_b': 1, 'lr_e': -3, 'beta_b': 2, 'beta_e': -2, 'tmax': 0, 'activ': 1, 'hid': 2}. Best is trial 54 with value: 232.56.[0m
[32m[I 2022-09-17 11:12:05,427][0m Trial 254 finished with value: -260.99 and parameters: {'lr_b': 5, 'lr_e': -5, 'beta_b': 5, 'beta_e': -3, 'tmax': 2, 'activ': 1, 'hid': 2}. Best is trial 54 with value: 232.56.[0m
[32m[I 2022-09-17 11:15:40,449][0m Trial 255 finished with value: -590.12 and parameters: {'lr_b': 4, 'lr_e': -5, 'beta_b': 5, 'beta_e': -7, 'tmax': 1, 'activ': 0, 'hid': 0}. Best is trial 54 with value: 232.56.[0m
[32m[I 2022-09-17 11:18:43,661][0m Trial 256 finished with value: -559.69 and parameters: {'lr_b': 5, 'lr_e': -3, 'beta_b': 5, 'beta_e': -7, 'tmax': 1, 'activ': 0, 'hid': 1}. Best is trial 54 with value: 232.56.[0m
[32m[I 2022-09-17 11:23:39,260][0m Trial 257 finished with value: -125.38 and parameters: {'lr_b': 5, 'lr_e': -5, 'beta_b': 3, 'beta_e': -3, 'tmax': 3, 'activ': 2, 'hid': 2}. Best is trial 54 with value: 232.56.[0m
[32m[I 2022-09-17 11:25:41,491][0m Trial 258 finished with value: -629.06 and parameters: {'lr_b': 4, 'lr_e': -3, 'beta_b': 1, 'beta_e': -2, 'tmax': 3, 'activ': 2, 'hid': 0}. Best is trial 54 with value: 232.56.[0m
[32m[I 2022-09-17 11:28:52,416][0m Trial 259 finished with value: -615.15 and parameters: {'lr_b': 4, 'lr_e': -5, 'beta_b': 5, 'beta_e': -3, 'tmax': 1, 'activ': 0, 'hid': 2}. Best is trial 54 with value: 232.56.[0m
[32m[I 2022-09-17 11:54:42,448][0m Trial 260 finished with value: 49.12 and parameters: {'lr_b': 5, 'lr_e': -4, 'beta_b': 3, 'beta_e': -4, 'tmax': 2, 'activ': 1, 'hid': 2}. Best is trial 54 with value: 232.56.[0m
[32m[I 2022-09-17 11:58:45,556][0m Trial 261 finished with value: 159.54 and parameters: {'lr_b': 5, 'lr_e': -4, 'beta_b': 3, 'beta_e': -2, 'tmax': 3, 'activ': 1, 'hid': 2}. Best is trial 54 with value: 232.56.[0m
[32m[I 2022-09-17 12:04:04,232][0m Trial 262 finished with value: -223.41 and parameters: {'lr_b': 4, 'lr_e': -5, 'beta_b': 5, 'beta_e': -7, 'tmax': 1, 'activ': 1, 'hid': 0}. Best is trial 54 with value: 232.56.[0m
[32m[I 2022-09-17 12:05:34,244][0m Trial 263 finished with value: -134.04 and parameters: {'lr_b': 5, 'lr_e': -3, 'beta_b': 2, 'beta_e': -2, 'tmax': 4, 'activ': 1, 'hid': 2}. Best is trial 54 with value: 232.56.[0m
[32m[I 2022-09-17 12:12:37,008][0m Trial 264 finished with value: 191.11 and parameters: {'lr_b': 5, 'lr_e': -4, 'beta_b': 4, 'beta_e': -3, 'tmax': 2, 'activ': 1, 'hid': 2}. Best is trial 54 with value: 232.56.[0m
[32m[I 2022-09-17 12:16:32,637][0m Trial 265 finished with value: -211.09 and parameters: {'lr_b': 5, 'lr_e': -5, 'beta_b': 4, 'beta_e': -4, 'tmax': 2, 'activ': 1, 'hid': 2}. Best is trial 54 with value: 232.56.[0m
[32m[I 2022-09-17 12:25:40,634][0m Trial 266 finished with value: 89.78 and parameters: {'lr_b': 5, 'lr_e': -4, 'beta_b': 3, 'beta_e': -2, 'tmax': 3, 'activ': 1, 'hid': 1}. Best is trial 54 with value: 232.56.[0m
[32m[I 2022-09-17 12:37:20,511][0m Trial 267 finished with value: -116.02 and parameters: {'lr_b': 5, 'lr_e': -4, 'beta_b': 4, 'beta_e': -3, 'tmax': 1, 'activ': 1, 'hid': 2}. Best is trial 54 with value: 232.56.[0m
[32m[I 2022-09-17 12:41:13,124][0m Trial 268 finished with value: -233.55 and parameters: {'lr_b': 2, 'lr_e': -4, 'beta_b': 5, 'beta_e': -7, 'tmax': 2, 'activ': 1, 'hid': 1}. Best is trial 54 with value: 232.56.[0m
[32m[I 2022-09-17 12:43:19,944][0m Trial 269 finished with value: -205.34 and parameters: {'lr_b': 2, 'lr_e': -7, 'beta_b': 1, 'beta_e': -4, 'tmax': 4, 'activ': 1, 'hid': 0}. Best is trial 54 with value: 232.56.[0m
[32m[I 2022-09-17 12:45:30,714][0m Trial 270 finished with value: -776.08 and parameters: {'lr_b': 4, 'lr_e': -2, 'beta_b': 3, 'beta_e': -1, 'tmax': 3, 'activ': 1, 'hid': 0}. Best is trial 54 with value: 232.56.[0m
[32m[I 2022-09-17 12:49:23,250][0m Trial 271 finished with value: -218.63 and parameters: {'lr_b': 5, 'lr_e': -5, 'beta_b': 3, 'beta_e': -3, 'tmax': 2, 'activ': 1, 'hid': 1}. Best is trial 54 with value: 232.56.[0m
[32m[I 2022-09-17 12:52:23,860][0m Trial 272 finished with value: -183.44 and parameters: {'lr_b': 4, 'lr_e': -4, 'beta_b': 4, 'beta_e': -3, 'tmax': 3, 'activ': 1, 'hid': 1}. Best is trial 54 with value: 232.56.[0m
[32m[I 2022-09-17 12:54:31,054][0m Trial 273 finished with value: -129.01 and parameters: {'lr_b': 5, 'lr_e': -3, 'beta_b': 5, 'beta_e': -3, 'tmax': 2, 'activ': 1, 'hid': 2}. Best is trial 54 with value: 232.56.[0m
[32m[I 2022-09-17 12:56:01,729][0m Trial 274 finished with value: -132.39 and parameters: {'lr_b': 5, 'lr_e': -3, 'beta_b': 4, 'beta_e': -3, 'tmax': 4, 'activ': 1, 'hid': 2}. Best is trial 54 with value: 232.56.[0m
[32m[I 2022-09-17 13:01:32,357][0m Trial 275 finished with value: -121.25 and parameters: {'lr_b': 3, 'lr_e': -4, 'beta_b': 3, 'beta_e': -5, 'tmax': 1, 'activ': 1, 'hid': 2}. Best is trial 54 with value: 232.56.[0m
[32m[I 2022-09-17 13:04:55,108][0m Trial 276 finished with value: -844.52 and parameters: {'lr_b': 5, 'lr_e': -2, 'beta_b': 2, 'beta_e': -5, 'tmax': 4, 'activ': 2, 'hid': 2}. Best is trial 54 with value: 232.56.[0m
[32m[I 2022-09-17 13:07:05,117][0m Trial 277 finished with value: -141.23 and parameters: {'lr_b': 4, 'lr_e': -3, 'beta_b': 2, 'beta_e': -3, 'tmax': 2, 'activ': 1, 'hid': 1}. Best is trial 54 with value: 232.56.[0m
[32m[I 2022-09-17 13:13:38,602][0m Trial 278 finished with value: 144.59 and parameters: {'lr_b': 3, 'lr_e': -4, 'beta_b': 3, 'beta_e': -3, 'tmax': 2, 'activ': 1, 'hid': 2}. Best is trial 54 with value: 232.56.[0m
[32m[I 2022-09-17 13:16:17,035][0m Trial 279 finished with value: -416.32 and parameters: {'lr_b': 3, 'lr_e': -6, 'beta_b': 5, 'beta_e': -3, 'tmax': 4, 'activ': 1, 'hid': 1}. Best is trial 54 with value: 232.56.[0m
[32m[I 2022-09-17 13:19:36,126][0m Trial 280 finished with value: -129.55 and parameters: {'lr_b': 3, 'lr_e': -3, 'beta_b': 2, 'beta_e': -2, 'tmax': 1, 'activ': 1, 'hid': 2}. Best is trial 54 with value: 232.56.[0m
[32m[I 2022-09-17 13:23:35,882][0m Trial 281 finished with value: -219.02 and parameters: {'lr_b': 2, 'lr_e': -4, 'beta_b': 2, 'beta_e': -4, 'tmax': 2, 'activ': 1, 'hid': 2}. Best is trial 54 with value: 232.56.[0m
[32m[I 2022-09-17 13:26:40,381][0m Trial 282 finished with value: -212.46 and parameters: {'lr_b': 4, 'lr_e': -5, 'beta_b': 3, 'beta_e': -1, 'tmax': 3, 'activ': 1, 'hid': 1}. Best is trial 54 with value: 232.56.[0m
[32m[I 2022-09-17 13:29:40,024][0m Trial 283 finished with value: -196.14 and parameters: {'lr_b': 5, 'lr_e': -4, 'beta_b': 3, 'beta_e': -2, 'tmax': 3, 'activ': 1, 'hid': 1}. Best is trial 54 with value: 232.56.[0m
[32m[I 2022-09-17 13:33:36,153][0m Trial 284 finished with value: -196.83 and parameters: {'lr_b': 4, 'lr_e': -5, 'beta_b': 3, 'beta_e': -3, 'tmax': 2, 'activ': 1, 'hid': 2}. Best is trial 54 with value: 232.56.[0m
[32m[I 2022-09-17 13:37:03,589][0m Trial 285 finished with value: -202.13 and parameters: {'lr_b': 3, 'lr_e': -5, 'beta_b': 4, 'beta_e': -3, 'tmax': 3, 'activ': 0, 'hid': 2}. Best is trial 54 with value: 232.56.[0m
[32m[I 2022-09-17 13:41:03,660][0m Trial 286 finished with value: -238.35 and parameters: {'lr_b': 2, 'lr_e': -5, 'beta_b': 3, 'beta_e': -3, 'tmax': 2, 'activ': 1, 'hid': 2}. Best is trial 54 with value: 232.56.[0m
[32m[I 2022-09-17 14:00:17,331][0m Trial 287 finished with value: 121.78 and parameters: {'lr_b': 5, 'lr_e': -4, 'beta_b': 5, 'beta_e': -2, 'tmax': 3, 'activ': 1, 'hid': 2}. Best is trial 54 with value: 232.56.[0m
[32m[I 2022-09-17 14:03:18,825][0m Trial 288 finished with value: -203.91 and parameters: {'lr_b': 4, 'lr_e': -4, 'beta_b': 5, 'beta_e': -3, 'tmax': 3, 'activ': 1, 'hid': 2}. Best is trial 54 with value: 232.56.[0m
[32m[I 2022-09-17 14:09:17,248][0m Trial 289 finished with value: 120.85 and parameters: {'lr_b': 3, 'lr_e': -4, 'beta_b': 5, 'beta_e': -5, 'tmax': 1, 'activ': 1, 'hid': 1}. Best is trial 54 with value: 232.56.[0m
[32m[I 2022-09-17 14:11:56,103][0m Trial 290 finished with value: -137.4 and parameters: {'lr_b': 4, 'lr_e': -4, 'beta_b': 3, 'beta_e': -3, 'tmax': 4, 'activ': 1, 'hid': 2}. Best is trial 54 with value: 232.56.[0m
[32m[I 2022-09-17 14:38:11,056][0m Trial 291 finished with value: 102.55 and parameters: {'lr_b': 5, 'lr_e': -4, 'beta_b': 3, 'beta_e': -3, 'tmax': 2, 'activ': 1, 'hid': 2}. Best is trial 54 with value: 232.56.[0m
[32m[I 2022-09-17 14:40:01,977][0m Trial 292 finished with value: -131.75 and parameters: {'lr_b': 1, 'lr_e': -2, 'beta_b': 3, 'beta_e': -6, 'tmax': 3, 'activ': 0, 'hid': 2}. Best is trial 54 with value: 232.56.[0m
[32m[I 2022-09-17 14:45:08,413][0m Trial 293 finished with value: 149.83 and parameters: {'lr_b': 3, 'lr_e': -4, 'beta_b': 4, 'beta_e': -5, 'tmax': 2, 'activ': 1, 'hid': 1}. Best is trial 54 with value: 232.56.[0m
[32m[I 2022-09-17 14:48:42,637][0m Trial 294 finished with value: -197.83 and parameters: {'lr_b': 3, 'lr_e': -3, 'beta_b': 4, 'beta_e': -4, 'tmax': 2, 'activ': 1, 'hid': 1}. Best is trial 54 with value: 232.56.[0m
[32m[I 2022-09-17 14:52:41,781][0m Trial 295 finished with value: -222.4 and parameters: {'lr_b': 3, 'lr_e': -4, 'beta_b': 4, 'beta_e': -3, 'tmax': 2, 'activ': 1, 'hid': 2}. Best is trial 54 with value: 232.56.[0m
[32m[I 2022-09-17 14:55:12,200][0m Trial 296 finished with value: -157.02 and parameters: {'lr_b': 3, 'lr_e': -3, 'beta_b': 4, 'beta_e': -5, 'tmax': 4, 'activ': 1, 'hid': 0}. Best is trial 54 with value: 232.56.[0m
[32m[I 2022-09-17 15:07:07,250][0m Trial 297 finished with value: 94.98 and parameters: {'lr_b': 5, 'lr_e': -4, 'beta_b': 2, 'beta_e': -3, 'tmax': 1, 'activ': 1, 'hid': 2}. Best is trial 54 with value: 232.56.[0m
[32m[I 2022-09-17 15:12:26,958][0m Trial 298 finished with value: -125.32 and parameters: {'lr_b': 2, 'lr_e': -4, 'beta_b': 5, 'beta_e': -5, 'tmax': 1, 'activ': 1, 'hid': 1}. Best is trial 54 with value: 232.56.[0m
[32m[I 2022-09-17 15:28:24,111][0m Trial 299 finished with value: -123.12 and parameters: {'lr_b': 5, 'lr_e': -4, 'beta_b': 1, 'beta_e': -2, 'tmax': 1, 'activ': 1, 'hid': 1}. Best is trial 54 with value: 232.56.[0m
[32m[I 2022-09-17 15:32:18,554][0m Trial 300 finished with value: -205.0 and parameters: {'lr_b': 4, 'lr_e': -5, 'beta_b': 1, 'beta_e': -4, 'tmax': 2, 'activ': 1, 'hid': 2}. Best is trial 54 with value: 232.56.[0m
[32m[I 2022-09-17 15:36:18,588][0m Trial 301 finished with value: -139.25 and parameters: {'lr_b': 5, 'lr_e': -2, 'beta_b': 2, 'beta_e': -3, 'tmax': 0, 'activ': 1, 'hid': 2}. Best is trial 54 with value: 232.56.[0m
[32m[I 2022-09-17 15:40:33,911][0m Trial 302 finished with value: -602.03 and parameters: {'lr_b': 1, 'lr_e': -2, 'beta_b': 3, 'beta_e': -7, 'tmax': 0, 'activ': 0, 'hid': 2}. Best is trial 54 with value: 232.56.[0m
[32m[I 2022-09-17 15:43:46,444][0m Trial 303 finished with value: -258.97 and parameters: {'lr_b': 5, 'lr_e': -5, 'beta_b': 3, 'beta_e': -6, 'tmax': 3, 'activ': 1, 'hid': 0}. Best is trial 54 with value: 232.56.[0m
[32m[I 2022-09-17 15:46:00,625][0m Trial 304 finished with value: -141.39 and parameters: {'lr_b': 5, 'lr_e': -3, 'beta_b': 4, 'beta_e': -5, 'tmax': 2, 'activ': 1, 'hid': 2}. Best is trial 54 with value: 232.56.[0m
