config = {
    "evaluation": {
        "enabled": True, 
        "number_of_episodes_before_eval": 130, 
        "number_of_epsiodes_during_eval": 10, 
        "final_eval": {
            "number_of_steps": 125000, 
            "number_of_episodes": None, 
        }, 
    }, 
    "verbose": True, 
    "number_of_processes": 10, 
    "number_of_malicious_processes": 3, 
    "expected_number_of_malicious_processes": 0, 
    "logarithmic_scale_reference": {
        0: 0.1, 
        1: 0.08, 
        2: 0.063, 
        3: 0.05, 
        4: 0.04, 
        5: 0.032, 
        6: 0.025, 
        7: 0.02, 
        8: 0.016, 
        9: 0.012, 
        10: 0.01, 
        11: 0.008, 
        12: 0.0063, 
        13: 0.005, 
        14: 0.004, 
        15: 0.0032, 
        16: 0.0025, 
        17: 0.002, 
        18: 0.0016, 
        19: 0.0012, 
        20: 0.001, 
        21: 0.0008, 
        22: 0.00063, 
        23: 0.0005, 
        24: 0.0004, 
        25: 0.00032, 
        26: 0.00025, 
        27: 0.0002, 
        28: 0.00016, 
        29: 0.00012, 
        30: 1e-05, 
        31: 8e-06, 
        32: 6.3e-06, 
        33: 5e-06, 
        34: 4e-06, 
        35: 3.2e-06, 
        36: 2.5e-06, 
        37: 2e-06, 
        38: 1.6e-06, 
        39: 1.2e-06, 
    }, 
    "attack_method": "sign", 
    "use_frozen_random_seed": False, 
    "random_seeds": {0: 0, }, 
    "value_trend_lookback_size": 10, 
    "env_config": {
        "permaban_threshold": 1000, 
        "env_name": "CartPole-v1", 
        "learning_rate": 0.001, 
        "beta": 2e-05, 
        "t_max": 5, 
        "activation": 1, 
        "hidden_size": 64, 
        "variance_scaling_factor": 1, 
    }, 
    "early_stopping": {
        "lowerbound_for_max_recent_change": 0, 
        "min_number_of_episodes": 30, 
        "thresholds": {}, 
    }, 
    "tuning": {
        "number_of_trials": 300, 
        "phase_1": {
            "categorical_options": {"activation": {0: 0, 1: 1, 2: 2, }, }, 
            "sequential_options": {
                "t_max": {0: 3, 1: 5, 2: 10, 3: 20, 4: 30, 5: 50, }, 
                "hidden_size": {0: 16, 1: 32, 2: 64, 3: 128, }, 
                "learning_rate": {
                    0: 0.1, 
                    1: 0.08, 
                    2: 0.063, 
                    3: 0.05, 
                    4: 0.04, 
                    5: 0.032, 
                    6: 0.025, 
                    7: 0.02, 
                    8: 0.016, 
                    9: 0.012, 
                    10: 0.01, 
                    11: 0.008, 
                    12: 0.0063, 
                    13: 0.005, 
                    14: 0.004, 
                    15: 0.0032, 
                    16: 0.0025, 
                    17: 0.002, 
                    18: 0.0016, 
                    19: 0.0012, 
                    20: 0.001, 
                    21: 0.0008, 
                    22: 0.00063, 
                    23: 0.0005, 
                    24: 0.0004, 
                    25: 0.00032, 
                    26: 0.00025, 
                    27: 0.0002, 
                    28: 0.00016, 
                    29: 0.00012, 
                    30: 1e-05, 
                    31: 8e-06, 
                    32: 6.3e-06, 
                    33: 5e-06, 
                    34: 4e-06, 
                    35: 3.2e-06, 
                    36: 2.5e-06, 
                    37: 2e-06, 
                    38: 1.6e-06, 
                    39: 1.2e-06, 
                }, 
                "beta": {
                    0: 0.1, 
                    1: 0.08, 
                    2: 0.063, 
                    3: 0.05, 
                    4: 0.04, 
                    5: 0.032, 
                    6: 0.025, 
                    7: 0.02, 
                    8: 0.016, 
                    9: 0.012, 
                    10: 0.01, 
                    11: 0.008, 
                    12: 0.0063, 
                    13: 0.005, 
                    14: 0.004, 
                    15: 0.0032, 
                    16: 0.0025, 
                    17: 0.002, 
                    18: 0.0016, 
                    19: 0.0012, 
                    20: 0.001, 
                    21: 0.0008, 
                    22: 0.00063, 
                    23: 0.0005, 
                    24: 0.0004, 
                    25: 0.00032, 
                    26: 0.00025, 
                    27: 0.0002, 
                    28: 0.00016, 
                    29: 0.00012, 
                    30: 1e-05, 
                    31: 8e-06, 
                    32: 6.3e-06, 
                    33: 5e-06, 
                    34: 4e-06, 
                    35: 3.2e-06, 
                    36: 2.5e-06, 
                    37: 2e-06, 
                    38: 1.6e-06, 
                    39: 1.2e-06, 
                }, 
            }, 
            "sequential_exponential_options": {
                "learning_rate": {
                    "base": {0: 1, 1: 3, 2: 5, 3: 7, 4: 9, }, 
                    "exponent": {
                        0: -1, 
                        1: -2, 
                        2: -3, 
                        3: -4, 
                        4: -5, 
                        5: -6, 
                        6: -7, 
                        7: -8, 
                    }, 
                }, 
                "beta": {
                    "base": {0: 1, 1: 3, 2: 5, 3: 7, 4: 9, }, 
                    "exponent": {
                        0: -1, 
                        1: -2, 
                        2: -3, 
                        3: -4, 
                        4: -5, 
                        5: -6, 
                        6: -7, 
                        7: -8, 
                    }, 
                }, 
            }, 
        }, 
    }, 
    "training": {"episode_count": 21000, }, 
}
args = {
    "processes": 10, 
    "env": "CartPole-v1", 
    "seed": 2949625782, 
    "outdir": "results", 
    "t_max": 5, 
    "beta": 2e-05, 
    "profile": False, 
    "steps": 21000, 
    "max_frames": (108000, ), 
    "lr": 0.001, 
    "demo": False, 
    "load_pretrained": False, 
    "pretrained_type": "best", 
    "load": "", 
    "log_level": 20, 
    "render": False, 
    "monitor": False, 
    "permaban_threshold": 1000, 
    "malicious": 3, 
    "mal_type": "sign", 
    "rew_scale": 1.0, 
    "hidden_size": 64, 
    "activation": 1, 
}
[starting train_a3c()]
[starting train_agent_async()]
[about to call async_.run_async()]
[starting run_func()]
[starting train_loop()]
Process Process-10:
Traceback (most recent call last):
  File "/usr/lib/python3.8/multiprocessing/process.py", line 315, in _bootstrap
    self.run()
  File "/usr/lib/python3.8/multiprocessing/process.py", line 108, in run
    self._target(*self._args, **self._kwargs)
  File "/home/jeffhykin/repos/bizav2/pfrl/experiments/train_agent_async.py", line 604, in run_func
    raise error
  File "/home/jeffhykin/repos/bizav2/pfrl/experiments/train_agent_async.py", line 602, in run_func
    f()
  File "/home/jeffhykin/repos/bizav2/pfrl/experiments/train_agent_async.py", line 576, in <lambda>
    f = lambda : train_loop(
  File "/home/jeffhykin/repos/bizav2/pfrl/experiments/train_agent_async.py", line 200, in train_loop
    print(json.dumps(dict(eval_score=eval_score, number_of_episodes=number_of_episodes.value,)))
NameError: name 'json' is not defined
[starting run_func()]
[starting train_loop()]
Process Process-2:
Traceback (most recent call last):
  File "/usr/lib/python3.8/multiprocessing/process.py", line 315, in _bootstrap
    self.run()
  File "/usr/lib/python3.8/multiprocessing/process.py", line 108, in run
    self._target(*self._args, **self._kwargs)
  File "/home/jeffhykin/repos/bizav2/pfrl/experiments/train_agent_async.py", line 604, in run_func
    raise error
  File "/home/jeffhykin/repos/bizav2/pfrl/experiments/train_agent_async.py", line 602, in run_func
    f()
  File "/home/jeffhykin/repos/bizav2/pfrl/experiments/train_agent_async.py", line 576, in <lambda>
    f = lambda : train_loop(
  File "/home/jeffhykin/repos/bizav2/pfrl/experiments/train_agent_async.py", line 200, in train_loop
    print(json.dumps(dict(eval_score=eval_score, number_of_episodes=number_of_episodes.value,)))
NameError: name 'json' is not defined
